ARM GAS  C:\Users\ben\AppData\Local\Temp\ccr4AmH7.s 			page 1


   1              		.syntax unified
   2              		.cpu cortex-m0
   3              		.fpu softvfp
   4              		.eabi_attribute 20, 1
   5              		.eabi_attribute 21, 1
   6              		.eabi_attribute 23, 3
   7              		.eabi_attribute 24, 1
   8              		.eabi_attribute 25, 1
   9              		.eabi_attribute 26, 1
  10              		.eabi_attribute 30, 1
  11              		.eabi_attribute 34, 0
  12              		.eabi_attribute 18, 4
  13              		.thumb
  14              		.syntax unified
  15              		.file	"main.c"
  16              		.text
  17              	.Ltext0:
  18              		.cfi_sections	.debug_frame
  19              		.section	.text.main,"ax",%progbits
  20              		.align	2
  21              		.global	main
  22              		.code	16
  23              		.thumb_func
  24              		.type	main, %function
  25              	main:
  26              	.LFB62:
  27              		.file 1 "main.c"
   1:main.c        **** /*******************************************************************************
   2:main.c        **** * File Name: main.c
   3:main.c        **** *
   4:main.c        **** * Version: 1.00
   5:main.c        **** *
   6:main.c        **** * Description:
   7:main.c        **** *  This is the source code for the example project of the RTC_P4 component.
   8:main.c        **** *
   9:main.c        **** ********************************************************************************
  10:main.c        **** * Copyright 2015, Cypress Semiconductor Corporation. All rights reserved.
  11:main.c        **** * This software is owned by Cypress Semiconductor Corporation and is protected
  12:main.c        **** * by and subject to worldwide patent and copyright laws and treaties.
  13:main.c        **** * Therefore, you may use this software only as provided in the license agreement
  14:main.c        **** * accompanying the software package from which you obtained this software.
  15:main.c        **** * CYPRESS AND ITS SUPPLIERS MAKE NO WARRANTY OF ANY KIND, EXPRESS OR IMPLIED,
  16:main.c        **** * WITH REGARD TO THIS SOFTWARE, INCLUDING, BUT NOT LIMITED TO, NONINFRINGEMENT,
  17:main.c        **** * IMPLIED WARRANTIES OF MERCHANTABILITY AND FITNESS FOR A PARTICULAR PURPOSE.
  18:main.c        **** *******************************************************************************/
  19:main.c        **** 
  20:main.c        **** #include <project.h>
  21:main.c        **** #include <stdio.h>
  22:main.c        **** #include <stdbool.h>
  23:main.c        **** #include "MyTime.h"
  24:main.c        **** #include "MyWDT.h"
  25:main.c        **** #include "MyBuild.h"
  26:main.c        **** 
  27:main.c        **** 
  28:main.c        **** 
  29:main.c        **** 
  30:main.c        **** 
ARM GAS  C:\Users\ben\AppData\Local\Temp\ccr4AmH7.s 			page 2


  31:main.c        **** 
  32:main.c        **** 
  33:main.c        **** 
  34:main.c        **** /*******************************************************************************
  35:main.c        **** * Function Name: main
  36:main.c        **** ********************************************************************************
  37:main.c        **** *
  38:main.c        **** * Summary:
  39:main.c        **** *  The main() function.
  40:main.c        **** *
  41:main.c        **** * Parameters:
  42:main.c        **** *  None.
  43:main.c        **** *
  44:main.c        **** * Return:
  45:main.c        **** *  None.
  46:main.c        **** *
  47:main.c        **** *******************************************************************************/
  48:main.c        **** int main()
  49:main.c        **** {
  28              		.loc 1 49 0
  29              		.cfi_startproc
  30              		@ args = 0, pretend = 0, frame = 128
  31              		@ frame_needed = 0, uses_anonymous_args = 0
  32 0000 30B5     		push	{r4, r5, lr}
  33              		.cfi_def_cfa_offset 12
  34              		.cfi_offset 4, -12
  35              		.cfi_offset 5, -8
  36              		.cfi_offset 14, -4
  37 0002 A1B0     		sub	sp, sp, #132
  38              		.cfi_def_cfa_offset 144
  50:main.c        ****     DIO_0_0_Write(false);
  39              		.loc 1 50 0
  40 0004 0020     		movs	r0, #0
  41 0006 FFF7FEFF 		bl	DIO_0_0_Write
  42              	.LVL0:
  51:main.c        ****     DIO_0_3_Write(false);
  43              		.loc 1 51 0
  44 000a 0020     		movs	r0, #0
  45 000c FFF7FEFF 		bl	DIO_0_3_Write
  46              	.LVL1:
  52:main.c        ****     char uartString[0x40] = {' '};
  47              		.loc 1 52 0
  48 0010 10AD     		add	r5, sp, #64
  49 0012 4022     		movs	r2, #64
  50 0014 0021     		movs	r1, #0
  51 0016 2800     		movs	r0, r5
  52 0018 FFF7FEFF 		bl	memset
  53              	.LVL2:
  54 001c 2024     		movs	r4, #32
  55 001e 2C70     		strb	r4, [r5]
  53:main.c        ****     char compileTimeString[0x40] = {' '};
  56              		.loc 1 53 0
  57 0020 4022     		movs	r2, #64
  58 0022 0021     		movs	r1, #0
  59 0024 6846     		mov	r0, sp
  60 0026 FFF7FEFF 		bl	memset
  61              	.LVL3:
ARM GAS  C:\Users\ben\AppData\Local\Temp\ccr4AmH7.s 			page 3


  62 002a 6B46     		mov	r3, sp
  63 002c 1C70     		strb	r4, [r3]
  64              	.LVL4:
  54:main.c        ****     
  55:main.c        ****     uint32 myLoop = 0;
  56:main.c        ****     uint32 myLoopTotal = 200;
  57:main.c        ****     
  58:main.c        ****     if(CySysGetResetReason(CY_SYS_RESET_WDT) == CY_SYS_RESET_WDT){
  65              		.loc 1 58 0
  66 002e 0120     		movs	r0, #1
  67 0030 FFF7FEFF 		bl	CySysGetResetReason
  68              	.LVL5:
  69 0034 0128     		cmp	r0, #1
  70 0036 05D1     		bne	.L2
  59:main.c        ****         UART_PutString("\r\n Device restarted by CY_SYS_RESET_WDT \r\nStoped for forever");
  71              		.loc 1 59 0
  72 0038 4F48     		ldr	r0, .L7
  73 003a FFF7FEFF 		bl	UART_PutString
  74              	.LVL6:
  60:main.c        ****         
  61:main.c        ****         //CySysWdtDisable(CY_SYS_WDT_COUNTER0_MASK);
  62:main.c        ****         getALL_WDT_Values();
  75              		.loc 1 62 0
  76 003e FFF7FEFF 		bl	getALL_WDT_Values
  77              	.LVL7:
  78              	.L3:
  79 0042 FEE7     		b	.L3
  80              	.L2:
  63:main.c        ****         while(1);    
  64:main.c        ****         
  65:main.c        ****     }
  66:main.c        ****     
  67:main.c        ****     /* Start RTC component */
  68:main.c        ****     initRTC();
  81              		.loc 1 68 0
  82 0044 FFF7FEFF 		bl	initRTC
  83              	.LVL8:
  69:main.c        ****     setRTCUpdate();
  84              		.loc 1 69 0
  85 0048 FFF7FEFF 		bl	setRTCUpdate
  86              	.LVL9:
  70:main.c        ****     /* Set Date and Time */
  71:main.c        ****     setTimeOfBuild();
  87              		.loc 1 71 0
  88 004c FFF7FEFF 		bl	setTimeOfBuild
  89              	.LVL10:
  72:main.c        ****     
  73:main.c        ****         /* \x1b[2J\x1b[;H - ANSI ESC sequence for clear screen */
  74:main.c        ****     sprintf(uartString, "\x1b[2J\x1b[;H");
  90              		.loc 1 74 0
  91 0050 10AC     		add	r4, sp, #64
  92 0052 4A4B     		ldr	r3, .L7+4
  93 0054 2200     		movs	r2, r4
  94 0056 03CB     		ldmia	r3!, {r0, r1}
  95 0058 03C2     		stmia	r2!, {r0, r1}
  96 005a 1B78     		ldrb	r3, [r3]
  97 005c 1370     		strb	r3, [r2]
ARM GAS  C:\Users\ben\AppData\Local\Temp\ccr4AmH7.s 			page 4


  75:main.c        ****     UART_PutString(uartString);
  98              		.loc 1 75 0
  99 005e 2000     		movs	r0, r4
 100 0060 FFF7FEFF 		bl	UART_PutString
 101              	.LVL11:
  76:main.c        ****     sprintf(uartString, "\r\n\r\n\r\nRTC_P4_WDT_Example_V1.00.04-Fork1 \r\nCompile Time: ");
 102              		.loc 1 76 0
 103 0064 3922     		movs	r2, #57
 104 0066 4649     		ldr	r1, .L7+8
 105 0068 2000     		movs	r0, r4
 106 006a FFF7FEFF 		bl	memcpy
 107              	.LVL12:
  77:main.c        ****     UART_PutString(uartString);
 108              		.loc 1 77 0
 109 006e 2000     		movs	r0, r4
 110 0070 FFF7FEFF 		bl	UART_PutString
 111              	.LVL13:
  78:main.c        ****     strcpy(compileTimeString,getTimeDateString());
 112              		.loc 1 78 0
 113 0074 FFF7FEFF 		bl	getTimeDateString
 114              	.LVL14:
 115 0078 0100     		movs	r1, r0
 116 007a 6846     		mov	r0, sp
 117 007c FFF7FEFF 		bl	strcpy
 118              	.LVL15:
  79:main.c        ****     UART_PutString(compileTimeString);
 119              		.loc 1 79 0
 120 0080 6846     		mov	r0, sp
 121 0082 FFF7FEFF 		bl	UART_PutString
 122              	.LVL16:
  80:main.c        ****     
  81:main.c        ****     sprintf(uartString, "\r\nInitialization\r\n\r\n");
 123              		.loc 1 81 0
 124 0086 3F49     		ldr	r1, .L7+12
 125 0088 2300     		movs	r3, r4
 126 008a 0A00     		movs	r2, r1
 127 008c 23CA     		ldmia	r2!, {r0, r1, r5}
 128 008e 23C3     		stmia	r3!, {r0, r1, r5}
 129 0090 03CA     		ldmia	r2!, {r0, r1}
 130 0092 03C3     		stmia	r3!, {r0, r1}
 131 0094 1278     		ldrb	r2, [r2]
 132 0096 1A70     		strb	r2, [r3]
  82:main.c        ****     UART_PutString(uartString);
 133              		.loc 1 82 0
 134 0098 2000     		movs	r0, r4
 135 009a FFF7FEFF 		bl	UART_PutString
 136              	.LVL17:
  83:main.c        ****     //Print Processor Info
  84:main.c        ****     printDIEinfo();
 137              		.loc 1 84 0
 138 009e FFF7FEFF 		bl	printDIEinfo
 139              	.LVL18:
  85:main.c        ****     sprintf(uartString, "\r\n\r\n\r\n");
 140              		.loc 1 85 0
 141 00a2 394B     		ldr	r3, .L7+16
 142 00a4 1A68     		ldr	r2, [r3]
 143 00a6 1092     		str	r2, [sp, #64]
ARM GAS  C:\Users\ben\AppData\Local\Temp\ccr4AmH7.s 			page 5


 144 00a8 9A88     		ldrh	r2, [r3, #4]
 145 00aa A280     		strh	r2, [r4, #4]
 146 00ac 9B79     		ldrb	r3, [r3, #6]
 147 00ae A371     		strb	r3, [r4, #6]
  86:main.c        ****     UART_PutString(uartString);
 148              		.loc 1 86 0
 149 00b0 2000     		movs	r0, r4
 150 00b2 FFF7FEFF 		bl	UART_PutString
 151              	.LVL19:
  87:main.c        ****     
  88:main.c        ****     getALL_WDT_Values();
 152              		.loc 1 88 0
 153 00b6 FFF7FEFF 		bl	getALL_WDT_Values
 154              	.LVL20:
  89:main.c        **** 
  90:main.c        **** 
  91:main.c        ****     /* Enable WCO */
  92:main.c        ****     CySysClkWcoStart();
 155              		.loc 1 92 0
 156 00ba FFF7FEFF 		bl	CySysClkWcoStart
 157              	.LVL21:
  93:main.c        ****     
  94:main.c        ****     /* Enable global interrupts */
  95:main.c        ****     CyGlobalIntEnable;
 158              		.loc 1 95 0
 159              		.syntax divided
 160              	@ 95 "main.c" 1
 161 00be 62B6     		CPSIE   i
 162              	@ 0 "" 2
  96:main.c        ****     
  97:main.c        ****     //Enable and Start WDT ISR 
  98:main.c        ****     setAllWDTisr();
 163              		.loc 1 98 0
 164              		.thumb
 165              		.syntax unified
 166 00c0 FFF7FEFF 		bl	setAllWDTisr
 167              	.LVL22:
  99:main.c        ****     
 100:main.c        ****     initWDT0();
 168              		.loc 1 100 0
 169 00c4 FFF7FEFF 		bl	initWDT0
 170              	.LVL23:
 101:main.c        ****     
 102:main.c        ****     getALL_WDT_Values();
 171              		.loc 1 102 0
 172 00c8 FFF7FEFF 		bl	getALL_WDT_Values
 173              	.LVL24:
 103:main.c        **** 
 104:main.c        **** 
 105:main.c        ****     sprintf(uartString, "\r\nEntering Main Loop\r\n\r\n\r\n");
 174              		.loc 1 105 0
 175 00cc 2F49     		ldr	r1, .L7+20
 176 00ce 2300     		movs	r3, r4
 177 00d0 0A00     		movs	r2, r1
 178 00d2 23CA     		ldmia	r2!, {r0, r1, r5}
 179 00d4 23C3     		stmia	r3!, {r0, r1, r5}
 180 00d6 23CA     		ldmia	r2!, {r0, r1, r5}
ARM GAS  C:\Users\ben\AppData\Local\Temp\ccr4AmH7.s 			page 6


 181 00d8 23C3     		stmia	r3!, {r0, r1, r5}
 182 00da 1188     		ldrh	r1, [r2]
 183 00dc 1980     		strh	r1, [r3]
 184 00de 9278     		ldrb	r2, [r2, #2]
 185 00e0 9A70     		strb	r2, [r3, #2]
 106:main.c        ****     UART_PutString(uartString);
 186              		.loc 1 106 0
 187 00e2 2000     		movs	r0, r4
 188 00e4 FFF7FEFF 		bl	UART_PutString
 189              	.LVL25:
 107:main.c        **** 
 108:main.c        ****     DIO_0_0_Write(!(DIO_0_0_Read()));
 190              		.loc 1 108 0
 191 00e8 FFF7FEFF 		bl	DIO_0_0_Read
 192              	.LVL26:
 193 00ec 0300     		movs	r3, r0
 194 00ee 5842     		rsbs	r0, r3, #0
 195 00f0 5841     		adcs	r0, r0, r3
 196 00f2 C0B2     		uxtb	r0, r0
 197 00f4 FFF7FEFF 		bl	DIO_0_0_Write
 198              	.LVL27:
  55:main.c        ****     uint32 myLoopTotal = 200;
 199              		.loc 1 55 0
 200 00f8 0024     		movs	r4, #0
 109:main.c        ****     while(myLoop <= myLoopTotal)
 201              		.loc 1 109 0
 202 00fa 18E0     		b	.L4
 203              	.LVL28:
 204              	.L6:
 110:main.c        ****     {
 111:main.c        ****         
 112:main.c        ****         /* Get Date and Time from RTC */
 113:main.c        ****         UART_PutString(getTimeDateString());
 205              		.loc 1 113 0
 206 00fc FFF7FEFF 		bl	getTimeDateString
 207              	.LVL29:
 208 0100 FFF7FEFF 		bl	UART_PutString
 209              	.LVL30:
 114:main.c        **** 
 115:main.c        **** 
 116:main.c        ****         /*if (alarmFlag == 1u)
 117:main.c        ****         {
 118:main.c        ****             UART_PutString("Alarm ");
 119:main.c        ****             alarmFlag  = 0u;
 120:main.c        ****         }
 121:main.c        ****         else
 122:main.c        ****         {*/
 123:main.c        ****         //    UART_PutString("No-alarm");
 124:main.c        ****         //}
 125:main.c        **** 
 126:main.c        ****         UART_PutString("\r");
 210              		.loc 1 126 0
 211 0104 2248     		ldr	r0, .L7+24
 212 0106 FFF7FEFF 		bl	UART_PutString
 213              	.LVL31:
 127:main.c        **** 
 128:main.c        ****         /* Switch to Sleep Mode */
ARM GAS  C:\Users\ben\AppData\Local\Temp\ccr4AmH7.s 			page 7


 129:main.c        ****         CySysWatchdogFeed(0);
 214              		.loc 1 129 0
 215 010a 0020     		movs	r0, #0
 216 010c FFF7FEFF 		bl	CySysWatchdogFeed
 217              	.LVL32:
 130:main.c        ****         CySysPmDeepSleep();
 218              		.loc 1 130 0
 219 0110 FFF7FEFF 		bl	CySysPmDeepSleep
 220              	.LVL33:
 131:main.c        ****         DIO_0_0_Write(!(DIO_0_0_Read()));
 221              		.loc 1 131 0
 222 0114 FFF7FEFF 		bl	DIO_0_0_Read
 223              	.LVL34:
 224 0118 0300     		movs	r3, r0
 225 011a 5842     		rsbs	r0, r3, #0
 226 011c 5841     		adcs	r0, r0, r3
 227 011e C0B2     		uxtb	r0, r0
 228 0120 FFF7FEFF 		bl	DIO_0_0_Write
 229              	.LVL35:
 132:main.c        ****         if(myLoop == 3){
 230              		.loc 1 132 0
 231 0124 032C     		cmp	r4, #3
 232 0126 01D1     		bne	.L5
 133:main.c        ****             getALL_WDT_Values();
 233              		.loc 1 133 0
 234 0128 FFF7FEFF 		bl	getALL_WDT_Values
 235              	.LVL36:
 236              	.L5:
 134:main.c        ****         }
 135:main.c        ****         myLoop++;
 237              		.loc 1 135 0
 238 012c 0134     		adds	r4, r4, #1
 239              	.LVL37:
 240              	.L4:
 109:main.c        ****     {
 241              		.loc 1 109 0
 242 012e C82C     		cmp	r4, #200
 243 0130 E4D9     		bls	.L6
 136:main.c        ****     }
 137:main.c        ****     sprintf(uartString, "\r\n\r\n\r\nProgram finished running:  %lu .\r\n", myLoop);
 244              		.loc 1 137 0
 245 0132 10AD     		add	r5, sp, #64
 246 0134 2200     		movs	r2, r4
 247 0136 1749     		ldr	r1, .L7+28
 248 0138 2800     		movs	r0, r5
 249 013a FFF7FEFF 		bl	sprintf
 250              	.LVL38:
 138:main.c        ****     UART_PutString(uartString);
 251              		.loc 1 138 0
 252 013e 2800     		movs	r0, r5
 253 0140 FFF7FEFF 		bl	UART_PutString
 254              	.LVL39:
 139:main.c        ****     UART_PutString(compileTimeString);
 255              		.loc 1 139 0
 256 0144 6846     		mov	r0, sp
 257 0146 FFF7FEFF 		bl	UART_PutString
 258              	.LVL40:
ARM GAS  C:\Users\ben\AppData\Local\Temp\ccr4AmH7.s 			page 8


 140:main.c        ****     UART_PutString("_");
 259              		.loc 1 140 0
 260 014a 1348     		ldr	r0, .L7+32
 261 014c FFF7FEFF 		bl	UART_PutString
 262              	.LVL41:
 141:main.c        ****     UART_PutString(getTimeDateString());
 263              		.loc 1 141 0
 264 0150 FFF7FEFF 		bl	getTimeDateString
 265              	.LVL42:
 266 0154 FFF7FEFF 		bl	UART_PutString
 267              	.LVL43:
 142:main.c        ****     sprintf(uartString, "_Consol-LOG\r\n\r\n\r\n");
 268              		.loc 1 142 0
 269 0158 104B     		ldr	r3, .L7+36
 270 015a 2A00     		movs	r2, r5
 271 015c 13CB     		ldmia	r3!, {r0, r1, r4}
 272 015e 13C2     		stmia	r2!, {r0, r1, r4}
 273              	.LVL44:
 274 0160 1900     		movs	r1, r3
 275 0162 1B68     		ldr	r3, [r3]
 276 0164 1360     		str	r3, [r2]
 277 0166 8B88     		ldrh	r3, [r1, #4]
 278 0168 9380     		strh	r3, [r2, #4]
 143:main.c        ****     UART_PutString(uartString);
 279              		.loc 1 143 0
 280 016a 2800     		movs	r0, r5
 281 016c FFF7FEFF 		bl	UART_PutString
 282              	.LVL45:
 144:main.c        **** }
 283              		.loc 1 144 0
 284 0170 0020     		movs	r0, #0
 285 0172 21B0     		add	sp, sp, #132
 286              		@ sp needed
 287 0174 30BD     		pop	{r4, r5, pc}
 288              	.L8:
 289 0176 C046     		.align	2
 290              	.L7:
 291 0178 00000000 		.word	.LC0
 292 017c 40000000 		.word	.LC2
 293 0180 4C000000 		.word	.LC4
 294 0184 88000000 		.word	.LC6
 295 0188 A0000000 		.word	.LC8
 296 018c A8000000 		.word	.LC10
 297 0190 C4000000 		.word	.LC12
 298 0194 C8000000 		.word	.LC14
 299 0198 F4000000 		.word	.LC16
 300 019c F8000000 		.word	.LC18
 301              		.cfi_endproc
 302              	.LFE62:
 303              		.size	main, .-main
 304              		.comm	uniqueUniqueIdInfo,80,4
 305              		.comm	commonUniqueIdInfo,60,4
 306              		.comm	uniqueId,8,4
 307              		.comm	date,4,4
 308              		.comm	time,4,4
 309              		.comm	alarmTimeDate,16,4
 310              		.section	.rodata.str1.4,"aMS",%progbits,1
ARM GAS  C:\Users\ben\AppData\Local\Temp\ccr4AmH7.s 			page 9


 311              		.align	2
 312              	.LC0:
 313 0000 0D0A2044 		.ascii	"\015\012 Device restarted by CY_SYS_RESET_WDT \015\012"
 313      65766963 
 313      65207265 
 313      73746172 
 313      74656420 
 314 002a 53746F70 		.ascii	"Stoped for forever\000"
 314      65642066 
 314      6F722066 
 314      6F726576 
 314      657200
 315 003d 000000   		.space	3
 316              	.LC2:
 317 0040 1B5B324A 		.ascii	"\033[2J\033[;H\000"
 317      1B5B3B48 
 317      00
 318 0049 000000   		.space	3
 319              	.LC4:
 320 004c 0D0A0D0A 		.ascii	"\015\012\015\012\015\012RTC_P4_WDT_Example_V1.00.04"
 320      0D0A5254 
 320      435F5034 
 320      5F574454 
 320      5F457861 
 321 006d 2D466F72 		.ascii	"-Fork1 \015\012Compile Time: \000"
 321      6B31200D 
 321      0A436F6D 
 321      70696C65 
 321      2054696D 
 322 0085 000000   		.space	3
 323              	.LC6:
 324 0088 0D0A496E 		.ascii	"\015\012Initialization\015\012\015\012\000"
 324      69746961 
 324      6C697A61 
 324      74696F6E 
 324      0D0A0D0A 
 325 009d 000000   		.space	3
 326              	.LC8:
 327 00a0 0D0A0D0A 		.ascii	"\015\012\015\012\015\012\000"
 327      0D0A00
 328 00a7 00       		.space	1
 329              	.LC10:
 330 00a8 0D0A456E 		.ascii	"\015\012Entering Main Loop\015\012\015\012\015\012\000"
 330      74657269 
 330      6E67204D 
 330      61696E20 
 330      4C6F6F70 
 331 00c3 00       		.space	1
 332              	.LC12:
 333 00c4 0D00     		.ascii	"\015\000"
 334 00c6 0000     		.space	2
 335              	.LC14:
 336 00c8 0D0A0D0A 		.ascii	"\015\012\015\012\015\012Program finished running:  "
 336      0D0A5072 
 336      6F677261 
 336      6D206669 
 336      6E697368 
ARM GAS  C:\Users\ben\AppData\Local\Temp\ccr4AmH7.s 			page 10


 337 00e9 256C7520 		.ascii	"%lu .\015\012\000"
 337      2E0D0A00 
 338 00f1 000000   		.space	3
 339              	.LC16:
 340 00f4 5F00     		.ascii	"_\000"
 341 00f6 0000     		.space	2
 342              	.LC18:
 343 00f8 5F436F6E 		.ascii	"_Consol-LOG\015\012\015\012\015\012\000"
 343      736F6C2D 
 343      4C4F470D 
 343      0A0D0A0D 
 343      0A00
 344              		.text
 345              	.Letext0:
 346              		.file 2 "Generated_Source\\PSoC4/cytypes.h"
 347              		.file 3 "Generated_Source\\PSoC4/RTC.h"
 348              		.file 4 "MyTime.h"
 349              		.file 5 "MyBuild.h"
 350              		.file 6 "Generated_Source\\PSoC4/DIO_0_0.h"
 351              		.file 7 "Generated_Source\\PSoC4/DIO_0_3.h"
 352              		.file 8 "Generated_Source\\PSoC4/CyLib.h"
 353              		.file 9 "Generated_Source\\PSoC4/UART.h"
 354              		.file 10 "MyWDT.h"
 355              		.file 11 "c:\\program files (x86)\\cypress\\psoc creator\\4.3\\psoc creator\\import\\gnu\\arm\\5.4
 356              		.file 12 "Generated_Source\\PSoC4/CyLFClk.h"
 357              		.file 13 "Generated_Source\\PSoC4/cyPm.h"
 358              		.file 14 "c:\\program files (x86)\\cypress\\psoc creator\\4.3\\psoc creator\\import\\gnu\\arm\\5.4
 359              		.section	.debug_info,"",%progbits
 360              	.Ldebug_info0:
 361 0000 B5050000 		.4byte	0x5b5
 362 0004 0400     		.2byte	0x4
 363 0006 00000000 		.4byte	.Ldebug_abbrev0
 364 000a 04       		.byte	0x4
 365 000b 01       		.uleb128 0x1
 366 000c CD010000 		.4byte	.LASF53
 367 0010 0C       		.byte	0xc
 368 0011 79020000 		.4byte	.LASF54
 369 0015 85020000 		.4byte	.LASF55
 370 0019 00000000 		.4byte	.Ldebug_ranges0+0
 371 001d 00000000 		.4byte	0
 372 0021 00000000 		.4byte	.Ldebug_line0
 373 0025 02       		.uleb128 0x2
 374 0026 01       		.byte	0x1
 375 0027 06       		.byte	0x6
 376 0028 76030000 		.4byte	.LASF0
 377 002c 02       		.uleb128 0x2
 378 002d 01       		.byte	0x1
 379 002e 08       		.byte	0x8
 380 002f FB000000 		.4byte	.LASF1
 381 0033 02       		.uleb128 0x2
 382 0034 02       		.byte	0x2
 383 0035 05       		.byte	0x5
 384 0036 07030000 		.4byte	.LASF2
 385 003a 02       		.uleb128 0x2
 386 003b 02       		.byte	0x2
 387 003c 07       		.byte	0x7
 388 003d 3D000000 		.4byte	.LASF3
ARM GAS  C:\Users\ben\AppData\Local\Temp\ccr4AmH7.s 			page 11


 389 0041 02       		.uleb128 0x2
 390 0042 04       		.byte	0x4
 391 0043 05       		.byte	0x5
 392 0044 34000000 		.4byte	.LASF4
 393 0048 02       		.uleb128 0x2
 394 0049 04       		.byte	0x4
 395 004a 07       		.byte	0x7
 396 004b 10010000 		.4byte	.LASF5
 397 004f 02       		.uleb128 0x2
 398 0050 08       		.byte	0x8
 399 0051 05       		.byte	0x5
 400 0052 00000000 		.4byte	.LASF6
 401 0056 02       		.uleb128 0x2
 402 0057 08       		.byte	0x8
 403 0058 07       		.byte	0x7
 404 0059 A7010000 		.4byte	.LASF7
 405 005d 03       		.uleb128 0x3
 406 005e 04       		.byte	0x4
 407 005f 05       		.byte	0x5
 408 0060 696E7400 		.ascii	"int\000"
 409 0064 02       		.uleb128 0x2
 410 0065 04       		.byte	0x4
 411 0066 07       		.byte	0x7
 412 0067 91010000 		.4byte	.LASF8
 413 006b 04       		.uleb128 0x4
 414 006c 63010000 		.4byte	.LASF9
 415 0070 02       		.byte	0x2
 416 0071 FC01     		.2byte	0x1fc
 417 0073 3A000000 		.4byte	0x3a
 418 0077 04       		.uleb128 0x4
 419 0078 6A010000 		.4byte	.LASF10
 420 007c 02       		.byte	0x2
 421 007d FD01     		.2byte	0x1fd
 422 007f 48000000 		.4byte	0x48
 423 0083 02       		.uleb128 0x2
 424 0084 04       		.byte	0x4
 425 0085 04       		.byte	0x4
 426 0086 84000000 		.4byte	.LASF11
 427 008a 02       		.uleb128 0x2
 428 008b 08       		.byte	0x8
 429 008c 04       		.byte	0x4
 430 008d 5D000000 		.4byte	.LASF12
 431 0091 02       		.uleb128 0x2
 432 0092 01       		.byte	0x1
 433 0093 08       		.byte	0x8
 434 0094 80020000 		.4byte	.LASF13
 435 0098 02       		.uleb128 0x2
 436 0099 08       		.byte	0x8
 437 009a 04       		.byte	0x4
 438 009b 6A030000 		.4byte	.LASF14
 439 009f 02       		.uleb128 0x2
 440 00a0 04       		.byte	0x4
 441 00a1 07       		.byte	0x7
 442 00a2 68020000 		.4byte	.LASF15
 443 00a6 05       		.uleb128 0x5
 444 00a7 10       		.byte	0x10
 445 00a8 03       		.byte	0x3
ARM GAS  C:\Users\ben\AppData\Local\Temp\ccr4AmH7.s 			page 12


 446 00a9 2E       		.byte	0x2e
 447 00aa DF000000 		.4byte	0xdf
 448 00ae 06       		.uleb128 0x6
 449 00af C8010000 		.4byte	.LASF16
 450 00b3 03       		.byte	0x3
 451 00b4 30       		.byte	0x30
 452 00b5 77000000 		.4byte	0x77
 453 00b9 00       		.byte	0
 454 00ba 06       		.uleb128 0x6
 455 00bb AB000000 		.4byte	.LASF17
 456 00bf 03       		.byte	0x3
 457 00c0 31       		.byte	0x31
 458 00c1 77000000 		.4byte	0x77
 459 00c5 04       		.byte	0x4
 460 00c6 06       		.uleb128 0x6
 461 00c7 BE010000 		.4byte	.LASF18
 462 00cb 03       		.byte	0x3
 463 00cc 32       		.byte	0x32
 464 00cd 77000000 		.4byte	0x77
 465 00d1 08       		.byte	0x8
 466 00d2 06       		.uleb128 0x6
 467 00d3 64000000 		.4byte	.LASF19
 468 00d7 03       		.byte	0x3
 469 00d8 33       		.byte	0x33
 470 00d9 77000000 		.4byte	0x77
 471 00dd 0C       		.byte	0xc
 472 00de 00       		.byte	0
 473 00df 07       		.uleb128 0x7
 474 00e0 B7000000 		.4byte	.LASF20
 475 00e4 03       		.byte	0x3
 476 00e5 34       		.byte	0x34
 477 00e6 A6000000 		.4byte	0xa6
 478 00ea 08       		.uleb128 0x8
 479 00eb 38010000 		.4byte	.LASF56
 480 00ef 01       		.byte	0x1
 481 00f0 30       		.byte	0x30
 482 00f1 5D000000 		.4byte	0x5d
 483 00f5 00000000 		.4byte	.LFB62
 484 00f9 A0010000 		.4byte	.LFE62-.LFB62
 485 00fd 01       		.uleb128 0x1
 486 00fe 9C       		.byte	0x9c
 487 00ff D3030000 		.4byte	0x3d3
 488 0103 09       		.uleb128 0x9
 489 0104 6B000000 		.4byte	.LASF21
 490 0108 01       		.byte	0x1
 491 0109 34       		.byte	0x34
 492 010a D3030000 		.4byte	0x3d3
 493 010e 03       		.uleb128 0x3
 494 010f 91       		.byte	0x91
 495 0110 B07F     		.sleb128 -80
 496 0112 09       		.uleb128 0x9
 497 0113 3D010000 		.4byte	.LASF22
 498 0117 01       		.byte	0x1
 499 0118 35       		.byte	0x35
 500 0119 D3030000 		.4byte	0x3d3
 501 011d 03       		.uleb128 0x3
 502 011e 91       		.byte	0x91
ARM GAS  C:\Users\ben\AppData\Local\Temp\ccr4AmH7.s 			page 13


 503 011f F07E     		.sleb128 -144
 504 0121 0A       		.uleb128 0xa
 505 0122 22010000 		.4byte	.LASF23
 506 0126 01       		.byte	0x1
 507 0127 37       		.byte	0x37
 508 0128 77000000 		.4byte	0x77
 509 012c 00000000 		.4byte	.LLST0
 510 0130 0B       		.uleb128 0xb
 511 0131 11030000 		.4byte	.LASF24
 512 0135 01       		.byte	0x1
 513 0136 38       		.byte	0x38
 514 0137 77000000 		.4byte	0x77
 515 013b C8       		.byte	0xc8
 516 013c 0C       		.uleb128 0xc
 517 013d 0A000000 		.4byte	.LVL0
 518 0141 E0040000 		.4byte	0x4e0
 519 0145 4F010000 		.4byte	0x14f
 520 0149 0D       		.uleb128 0xd
 521 014a 01       		.uleb128 0x1
 522 014b 50       		.byte	0x50
 523 014c 01       		.uleb128 0x1
 524 014d 30       		.byte	0x30
 525 014e 00       		.byte	0
 526 014f 0C       		.uleb128 0xc
 527 0150 10000000 		.4byte	.LVL1
 528 0154 EB040000 		.4byte	0x4eb
 529 0158 62010000 		.4byte	0x162
 530 015c 0D       		.uleb128 0xd
 531 015d 01       		.uleb128 0x1
 532 015e 50       		.byte	0x50
 533 015f 01       		.uleb128 0x1
 534 0160 30       		.byte	0x30
 535 0161 00       		.byte	0
 536 0162 0C       		.uleb128 0xc
 537 0163 1C000000 		.4byte	.LVL2
 538 0167 F6040000 		.4byte	0x4f6
 539 016b 81010000 		.4byte	0x181
 540 016f 0D       		.uleb128 0xd
 541 0170 01       		.uleb128 0x1
 542 0171 50       		.byte	0x50
 543 0172 02       		.uleb128 0x2
 544 0173 75       		.byte	0x75
 545 0174 00       		.sleb128 0
 546 0175 0D       		.uleb128 0xd
 547 0176 01       		.uleb128 0x1
 548 0177 51       		.byte	0x51
 549 0178 01       		.uleb128 0x1
 550 0179 30       		.byte	0x30
 551 017a 0D       		.uleb128 0xd
 552 017b 01       		.uleb128 0x1
 553 017c 52       		.byte	0x52
 554 017d 02       		.uleb128 0x2
 555 017e 08       		.byte	0x8
 556 017f 40       		.byte	0x40
 557 0180 00       		.byte	0
 558 0181 0C       		.uleb128 0xc
 559 0182 2A000000 		.4byte	.LVL3
ARM GAS  C:\Users\ben\AppData\Local\Temp\ccr4AmH7.s 			page 14


 560 0186 F6040000 		.4byte	0x4f6
 561 018a A0010000 		.4byte	0x1a0
 562 018e 0D       		.uleb128 0xd
 563 018f 01       		.uleb128 0x1
 564 0190 50       		.byte	0x50
 565 0191 02       		.uleb128 0x2
 566 0192 7D       		.byte	0x7d
 567 0193 00       		.sleb128 0
 568 0194 0D       		.uleb128 0xd
 569 0195 01       		.uleb128 0x1
 570 0196 51       		.byte	0x51
 571 0197 01       		.uleb128 0x1
 572 0198 30       		.byte	0x30
 573 0199 0D       		.uleb128 0xd
 574 019a 01       		.uleb128 0x1
 575 019b 52       		.byte	0x52
 576 019c 02       		.uleb128 0x2
 577 019d 08       		.byte	0x8
 578 019e 40       		.byte	0x40
 579 019f 00       		.byte	0
 580 01a0 0C       		.uleb128 0xc
 581 01a1 34000000 		.4byte	.LVL5
 582 01a5 FF040000 		.4byte	0x4ff
 583 01a9 B3010000 		.4byte	0x1b3
 584 01ad 0D       		.uleb128 0xd
 585 01ae 01       		.uleb128 0x1
 586 01af 50       		.byte	0x50
 587 01b0 01       		.uleb128 0x1
 588 01b1 31       		.byte	0x31
 589 01b2 00       		.byte	0
 590 01b3 0C       		.uleb128 0xc
 591 01b4 3E000000 		.4byte	.LVL6
 592 01b8 0A050000 		.4byte	0x50a
 593 01bc CA010000 		.4byte	0x1ca
 594 01c0 0D       		.uleb128 0xd
 595 01c1 01       		.uleb128 0x1
 596 01c2 50       		.byte	0x50
 597 01c3 05       		.uleb128 0x5
 598 01c4 03       		.byte	0x3
 599 01c5 00000000 		.4byte	.LC0
 600 01c9 00       		.byte	0
 601 01ca 0E       		.uleb128 0xe
 602 01cb 42000000 		.4byte	.LVL7
 603 01cf 15050000 		.4byte	0x515
 604 01d3 0E       		.uleb128 0xe
 605 01d4 48000000 		.4byte	.LVL8
 606 01d8 20050000 		.4byte	0x520
 607 01dc 0E       		.uleb128 0xe
 608 01dd 4C000000 		.4byte	.LVL9
 609 01e1 2B050000 		.4byte	0x52b
 610 01e5 0E       		.uleb128 0xe
 611 01e6 50000000 		.4byte	.LVL10
 612 01ea 36050000 		.4byte	0x536
 613 01ee 0C       		.uleb128 0xc
 614 01ef 64000000 		.4byte	.LVL11
 615 01f3 0A050000 		.4byte	0x50a
 616 01f7 02020000 		.4byte	0x202
ARM GAS  C:\Users\ben\AppData\Local\Temp\ccr4AmH7.s 			page 15


 617 01fb 0D       		.uleb128 0xd
 618 01fc 01       		.uleb128 0x1
 619 01fd 50       		.byte	0x50
 620 01fe 02       		.uleb128 0x2
 621 01ff 75       		.byte	0x75
 622 0200 00       		.sleb128 0
 623 0201 00       		.byte	0
 624 0202 0C       		.uleb128 0xc
 625 0203 6E000000 		.4byte	.LVL12
 626 0207 41050000 		.4byte	0x541
 627 020b 25020000 		.4byte	0x225
 628 020f 0D       		.uleb128 0xd
 629 0210 01       		.uleb128 0x1
 630 0211 50       		.byte	0x50
 631 0212 02       		.uleb128 0x2
 632 0213 75       		.byte	0x75
 633 0214 00       		.sleb128 0
 634 0215 0D       		.uleb128 0xd
 635 0216 01       		.uleb128 0x1
 636 0217 51       		.byte	0x51
 637 0218 05       		.uleb128 0x5
 638 0219 03       		.byte	0x3
 639 021a 4C000000 		.4byte	.LC4
 640 021e 0D       		.uleb128 0xd
 641 021f 01       		.uleb128 0x1
 642 0220 52       		.byte	0x52
 643 0221 02       		.uleb128 0x2
 644 0222 08       		.byte	0x8
 645 0223 39       		.byte	0x39
 646 0224 00       		.byte	0
 647 0225 0C       		.uleb128 0xc
 648 0226 74000000 		.4byte	.LVL13
 649 022a 0A050000 		.4byte	0x50a
 650 022e 39020000 		.4byte	0x239
 651 0232 0D       		.uleb128 0xd
 652 0233 01       		.uleb128 0x1
 653 0234 50       		.byte	0x50
 654 0235 02       		.uleb128 0x2
 655 0236 75       		.byte	0x75
 656 0237 00       		.sleb128 0
 657 0238 00       		.byte	0
 658 0239 0E       		.uleb128 0xe
 659 023a 78000000 		.4byte	.LVL14
 660 023e 4A050000 		.4byte	0x54a
 661 0242 0C       		.uleb128 0xc
 662 0243 80000000 		.4byte	.LVL15
 663 0247 55050000 		.4byte	0x555
 664 024b 56020000 		.4byte	0x256
 665 024f 0D       		.uleb128 0xd
 666 0250 01       		.uleb128 0x1
 667 0251 50       		.byte	0x50
 668 0252 02       		.uleb128 0x2
 669 0253 7D       		.byte	0x7d
 670 0254 00       		.sleb128 0
 671 0255 00       		.byte	0
 672 0256 0C       		.uleb128 0xc
 673 0257 86000000 		.4byte	.LVL16
ARM GAS  C:\Users\ben\AppData\Local\Temp\ccr4AmH7.s 			page 16


 674 025b 0A050000 		.4byte	0x50a
 675 025f 6A020000 		.4byte	0x26a
 676 0263 0D       		.uleb128 0xd
 677 0264 01       		.uleb128 0x1
 678 0265 50       		.byte	0x50
 679 0266 02       		.uleb128 0x2
 680 0267 7D       		.byte	0x7d
 681 0268 00       		.sleb128 0
 682 0269 00       		.byte	0
 683 026a 0C       		.uleb128 0xc
 684 026b 9E000000 		.4byte	.LVL17
 685 026f 0A050000 		.4byte	0x50a
 686 0273 7E020000 		.4byte	0x27e
 687 0277 0D       		.uleb128 0xd
 688 0278 01       		.uleb128 0x1
 689 0279 50       		.byte	0x50
 690 027a 02       		.uleb128 0x2
 691 027b 74       		.byte	0x74
 692 027c 00       		.sleb128 0
 693 027d 00       		.byte	0
 694 027e 0E       		.uleb128 0xe
 695 027f A2000000 		.4byte	.LVL18
 696 0283 60050000 		.4byte	0x560
 697 0287 0C       		.uleb128 0xc
 698 0288 B6000000 		.4byte	.LVL19
 699 028c 0A050000 		.4byte	0x50a
 700 0290 9B020000 		.4byte	0x29b
 701 0294 0D       		.uleb128 0xd
 702 0295 01       		.uleb128 0x1
 703 0296 50       		.byte	0x50
 704 0297 02       		.uleb128 0x2
 705 0298 74       		.byte	0x74
 706 0299 00       		.sleb128 0
 707 029a 00       		.byte	0
 708 029b 0E       		.uleb128 0xe
 709 029c BA000000 		.4byte	.LVL20
 710 02a0 15050000 		.4byte	0x515
 711 02a4 0E       		.uleb128 0xe
 712 02a5 BE000000 		.4byte	.LVL21
 713 02a9 6B050000 		.4byte	0x56b
 714 02ad 0E       		.uleb128 0xe
 715 02ae C4000000 		.4byte	.LVL22
 716 02b2 76050000 		.4byte	0x576
 717 02b6 0E       		.uleb128 0xe
 718 02b7 C8000000 		.4byte	.LVL23
 719 02bb 81050000 		.4byte	0x581
 720 02bf 0E       		.uleb128 0xe
 721 02c0 CC000000 		.4byte	.LVL24
 722 02c4 15050000 		.4byte	0x515
 723 02c8 0C       		.uleb128 0xc
 724 02c9 E8000000 		.4byte	.LVL25
 725 02cd 0A050000 		.4byte	0x50a
 726 02d1 DC020000 		.4byte	0x2dc
 727 02d5 0D       		.uleb128 0xd
 728 02d6 01       		.uleb128 0x1
 729 02d7 50       		.byte	0x50
 730 02d8 02       		.uleb128 0x2
ARM GAS  C:\Users\ben\AppData\Local\Temp\ccr4AmH7.s 			page 17


 731 02d9 74       		.byte	0x74
 732 02da 00       		.sleb128 0
 733 02db 00       		.byte	0
 734 02dc 0E       		.uleb128 0xe
 735 02dd EC000000 		.4byte	.LVL26
 736 02e1 8C050000 		.4byte	0x58c
 737 02e5 0E       		.uleb128 0xe
 738 02e6 F8000000 		.4byte	.LVL27
 739 02ea E0040000 		.4byte	0x4e0
 740 02ee 0E       		.uleb128 0xe
 741 02ef 00010000 		.4byte	.LVL29
 742 02f3 4A050000 		.4byte	0x54a
 743 02f7 0E       		.uleb128 0xe
 744 02f8 04010000 		.4byte	.LVL30
 745 02fc 0A050000 		.4byte	0x50a
 746 0300 0C       		.uleb128 0xc
 747 0301 0A010000 		.4byte	.LVL31
 748 0305 0A050000 		.4byte	0x50a
 749 0309 17030000 		.4byte	0x317
 750 030d 0D       		.uleb128 0xd
 751 030e 01       		.uleb128 0x1
 752 030f 50       		.byte	0x50
 753 0310 05       		.uleb128 0x5
 754 0311 03       		.byte	0x3
 755 0312 C4000000 		.4byte	.LC12
 756 0316 00       		.byte	0
 757 0317 0C       		.uleb128 0xc
 758 0318 10010000 		.4byte	.LVL32
 759 031c 97050000 		.4byte	0x597
 760 0320 2A030000 		.4byte	0x32a
 761 0324 0D       		.uleb128 0xd
 762 0325 01       		.uleb128 0x1
 763 0326 50       		.byte	0x50
 764 0327 01       		.uleb128 0x1
 765 0328 30       		.byte	0x30
 766 0329 00       		.byte	0
 767 032a 0E       		.uleb128 0xe
 768 032b 14010000 		.4byte	.LVL33
 769 032f A2050000 		.4byte	0x5a2
 770 0333 0E       		.uleb128 0xe
 771 0334 18010000 		.4byte	.LVL34
 772 0338 8C050000 		.4byte	0x58c
 773 033c 0E       		.uleb128 0xe
 774 033d 24010000 		.4byte	.LVL35
 775 0341 E0040000 		.4byte	0x4e0
 776 0345 0E       		.uleb128 0xe
 777 0346 2C010000 		.4byte	.LVL36
 778 034a 15050000 		.4byte	0x515
 779 034e 0C       		.uleb128 0xc
 780 034f 3E010000 		.4byte	.LVL38
 781 0353 AD050000 		.4byte	0x5ad
 782 0357 71030000 		.4byte	0x371
 783 035b 0D       		.uleb128 0xd
 784 035c 01       		.uleb128 0x1
 785 035d 50       		.byte	0x50
 786 035e 02       		.uleb128 0x2
 787 035f 75       		.byte	0x75
ARM GAS  C:\Users\ben\AppData\Local\Temp\ccr4AmH7.s 			page 18


 788 0360 00       		.sleb128 0
 789 0361 0D       		.uleb128 0xd
 790 0362 01       		.uleb128 0x1
 791 0363 51       		.byte	0x51
 792 0364 05       		.uleb128 0x5
 793 0365 03       		.byte	0x3
 794 0366 C8000000 		.4byte	.LC14
 795 036a 0D       		.uleb128 0xd
 796 036b 01       		.uleb128 0x1
 797 036c 52       		.byte	0x52
 798 036d 02       		.uleb128 0x2
 799 036e 74       		.byte	0x74
 800 036f 00       		.sleb128 0
 801 0370 00       		.byte	0
 802 0371 0C       		.uleb128 0xc
 803 0372 44010000 		.4byte	.LVL39
 804 0376 0A050000 		.4byte	0x50a
 805 037a 85030000 		.4byte	0x385
 806 037e 0D       		.uleb128 0xd
 807 037f 01       		.uleb128 0x1
 808 0380 50       		.byte	0x50
 809 0381 02       		.uleb128 0x2
 810 0382 75       		.byte	0x75
 811 0383 00       		.sleb128 0
 812 0384 00       		.byte	0
 813 0385 0C       		.uleb128 0xc
 814 0386 4A010000 		.4byte	.LVL40
 815 038a 0A050000 		.4byte	0x50a
 816 038e 99030000 		.4byte	0x399
 817 0392 0D       		.uleb128 0xd
 818 0393 01       		.uleb128 0x1
 819 0394 50       		.byte	0x50
 820 0395 02       		.uleb128 0x2
 821 0396 7D       		.byte	0x7d
 822 0397 00       		.sleb128 0
 823 0398 00       		.byte	0
 824 0399 0C       		.uleb128 0xc
 825 039a 50010000 		.4byte	.LVL41
 826 039e 0A050000 		.4byte	0x50a
 827 03a2 B0030000 		.4byte	0x3b0
 828 03a6 0D       		.uleb128 0xd
 829 03a7 01       		.uleb128 0x1
 830 03a8 50       		.byte	0x50
 831 03a9 05       		.uleb128 0x5
 832 03aa 03       		.byte	0x3
 833 03ab F4000000 		.4byte	.LC16
 834 03af 00       		.byte	0
 835 03b0 0E       		.uleb128 0xe
 836 03b1 54010000 		.4byte	.LVL42
 837 03b5 4A050000 		.4byte	0x54a
 838 03b9 0E       		.uleb128 0xe
 839 03ba 58010000 		.4byte	.LVL43
 840 03be 0A050000 		.4byte	0x50a
 841 03c2 0F       		.uleb128 0xf
 842 03c3 70010000 		.4byte	.LVL45
 843 03c7 0A050000 		.4byte	0x50a
 844 03cb 0D       		.uleb128 0xd
ARM GAS  C:\Users\ben\AppData\Local\Temp\ccr4AmH7.s 			page 19


 845 03cc 01       		.uleb128 0x1
 846 03cd 50       		.byte	0x50
 847 03ce 02       		.uleb128 0x2
 848 03cf 75       		.byte	0x75
 849 03d0 00       		.sleb128 0
 850 03d1 00       		.byte	0
 851 03d2 00       		.byte	0
 852 03d3 10       		.uleb128 0x10
 853 03d4 91000000 		.4byte	0x91
 854 03d8 E3030000 		.4byte	0x3e3
 855 03dc 11       		.uleb128 0x11
 856 03dd 9F000000 		.4byte	0x9f
 857 03e1 3F       		.byte	0x3f
 858 03e2 00       		.byte	0
 859 03e3 10       		.uleb128 0x10
 860 03e4 91000000 		.4byte	0x91
 861 03e8 F3030000 		.4byte	0x3f3
 862 03ec 11       		.uleb128 0x11
 863 03ed 9F000000 		.4byte	0x9f
 864 03f1 0F       		.byte	0xf
 865 03f2 00       		.byte	0
 866 03f3 12       		.uleb128 0x12
 867 03f4 0E000000 		.4byte	.LASF25
 868 03f8 04       		.byte	0x4
 869 03f9 57       		.byte	0x57
 870 03fa E3030000 		.4byte	0x3e3
 871 03fe 12       		.uleb128 0x12
 872 03ff 2A030000 		.4byte	.LASF26
 873 0403 04       		.byte	0x4
 874 0404 58       		.byte	0x58
 875 0405 E3030000 		.4byte	0x3e3
 876 0409 10       		.uleb128 0x10
 877 040a 91000000 		.4byte	0x91
 878 040e 19040000 		.4byte	0x419
 879 0412 11       		.uleb128 0x11
 880 0413 9F000000 		.4byte	0x9f
 881 0417 27       		.byte	0x27
 882 0418 00       		.byte	0
 883 0419 12       		.uleb128 0x12
 884 041a 99030000 		.4byte	.LASF27
 885 041e 04       		.byte	0x4
 886 041f 59       		.byte	0x59
 887 0420 09040000 		.4byte	0x409
 888 0424 10       		.uleb128 0x10
 889 0425 34040000 		.4byte	0x434
 890 0429 34040000 		.4byte	0x434
 891 042d 11       		.uleb128 0x11
 892 042e 9F000000 		.4byte	0x9f
 893 0432 0B       		.byte	0xb
 894 0433 00       		.byte	0
 895 0434 13       		.uleb128 0x13
 896 0435 6B000000 		.4byte	0x6b
 897 0439 14       		.uleb128 0x14
 898 043a 53030000 		.4byte	.LASF28
 899 043e 03       		.byte	0x3
 900 043f E001     		.2byte	0x1e0
 901 0441 45040000 		.4byte	0x445
ARM GAS  C:\Users\ben\AppData\Local\Temp\ccr4AmH7.s 			page 20


 902 0445 13       		.uleb128 0x13
 903 0446 24040000 		.4byte	0x424
 904 044a 15       		.uleb128 0x15
 905 044b 8A000000 		.4byte	.LASF29
 906 044f 04       		.byte	0x4
 907 0450 50       		.byte	0x50
 908 0451 DF000000 		.4byte	0xdf
 909 0455 05       		.uleb128 0x5
 910 0456 03       		.byte	0x3
 911 0457 00000000 		.4byte	alarmTimeDate
 912 045b 15       		.uleb128 0x15
 913 045c C8010000 		.4byte	.LASF16
 914 0460 04       		.byte	0x4
 915 0461 55       		.byte	0x55
 916 0462 77000000 		.4byte	0x77
 917 0466 05       		.uleb128 0x5
 918 0467 03       		.byte	0x3
 919 0468 00000000 		.4byte	time
 920 046c 15       		.uleb128 0x15
 921 046d AB000000 		.4byte	.LASF17
 922 0471 04       		.byte	0x4
 923 0472 56       		.byte	0x56
 924 0473 77000000 		.4byte	0x77
 925 0477 05       		.uleb128 0x5
 926 0478 03       		.byte	0x3
 927 0479 00000000 		.4byte	date
 928 047d 10       		.uleb128 0x10
 929 047e 77000000 		.4byte	0x77
 930 0482 8D040000 		.4byte	0x48d
 931 0486 11       		.uleb128 0x11
 932 0487 9F000000 		.4byte	0x9f
 933 048b 01       		.byte	0x1
 934 048c 00       		.byte	0
 935 048d 15       		.uleb128 0x15
 936 048e 19000000 		.4byte	.LASF30
 937 0492 05       		.byte	0x5
 938 0493 30       		.byte	0x30
 939 0494 7D040000 		.4byte	0x47d
 940 0498 05       		.uleb128 0x5
 941 0499 03       		.byte	0x3
 942 049a 00000000 		.4byte	uniqueId
 943 049e 10       		.uleb128 0x10
 944 049f 91000000 		.4byte	0x91
 945 04a3 AE040000 		.4byte	0x4ae
 946 04a7 11       		.uleb128 0x11
 947 04a8 9F000000 		.4byte	0x9f
 948 04ac 3B       		.byte	0x3b
 949 04ad 00       		.byte	0
 950 04ae 15       		.uleb128 0x15
 951 04af E8000000 		.4byte	.LASF31
 952 04b3 05       		.byte	0x5
 953 04b4 2B       		.byte	0x2b
 954 04b5 9E040000 		.4byte	0x49e
 955 04b9 05       		.uleb128 0x5
 956 04ba 03       		.byte	0x3
 957 04bb 00000000 		.4byte	commonUniqueIdInfo
 958 04bf 10       		.uleb128 0x10
ARM GAS  C:\Users\ben\AppData\Local\Temp\ccr4AmH7.s 			page 21


 959 04c0 91000000 		.4byte	0x91
 960 04c4 CF040000 		.4byte	0x4cf
 961 04c8 11       		.uleb128 0x11
 962 04c9 9F000000 		.4byte	0x9f
 963 04cd 4F       		.byte	0x4f
 964 04ce 00       		.byte	0
 965 04cf 15       		.uleb128 0x15
 966 04d0 98000000 		.4byte	.LASF32
 967 04d4 05       		.byte	0x5
 968 04d5 2C       		.byte	0x2c
 969 04d6 BF040000 		.4byte	0x4bf
 970 04da 05       		.uleb128 0x5
 971 04db 03       		.byte	0x3
 972 04dc 00000000 		.4byte	uniqueUniqueIdInfo
 973 04e0 16       		.uleb128 0x16
 974 04e1 76000000 		.4byte	.LASF33
 975 04e5 76000000 		.4byte	.LASF33
 976 04e9 06       		.byte	0x6
 977 04ea 33       		.byte	0x33
 978 04eb 16       		.uleb128 0x16
 979 04ec 71010000 		.4byte	.LASF34
 980 04f0 71010000 		.4byte	.LASF34
 981 04f4 07       		.byte	0x7
 982 04f5 33       		.byte	0x33
 983 04f6 17       		.uleb128 0x17
 984 04f7 09010000 		.4byte	.LASF41
 985 04fb 09010000 		.4byte	.LASF41
 986 04ff 16       		.uleb128 0x16
 987 0500 4F010000 		.4byte	.LASF35
 988 0504 4F010000 		.4byte	.LASF35
 989 0508 08       		.byte	0x8
 990 0509 FB       		.byte	0xfb
 991 050a 16       		.uleb128 0x16
 992 050b 82030000 		.4byte	.LASF36
 993 050f 82030000 		.4byte	.LASF36
 994 0513 09       		.byte	0x9
 995 0514 26       		.byte	0x26
 996 0515 16       		.uleb128 0x16
 997 0516 7F010000 		.4byte	.LASF37
 998 051a 7F010000 		.4byte	.LASF37
 999 051e 0A       		.byte	0xa
 1000 051f 2D       		.byte	0x2d
 1001 0520 16       		.uleb128 0x16
 1002 0521 71020000 		.4byte	.LASF38
 1003 0525 71020000 		.4byte	.LASF38
 1004 0529 04       		.byte	0x4
 1005 052a 5B       		.byte	0x5b
 1006 052b 16       		.uleb128 0x16
 1007 052c 1D030000 		.4byte	.LASF39
 1008 0530 1D030000 		.4byte	.LASF39
 1009 0534 04       		.byte	0x4
 1010 0535 5D       		.byte	0x5d
 1011 0536 16       		.uleb128 0x16
 1012 0537 29010000 		.4byte	.LASF40
 1013 053b 29010000 		.4byte	.LASF40
 1014 053f 04       		.byte	0x4
 1015 0540 61       		.byte	0x61
ARM GAS  C:\Users\ben\AppData\Local\Temp\ccr4AmH7.s 			page 22


 1016 0541 17       		.uleb128 0x17
 1017 0542 00030000 		.4byte	.LASF42
 1018 0546 00030000 		.4byte	.LASF42
 1019 054a 16       		.uleb128 0x16
 1020 054b 22000000 		.4byte	.LASF43
 1021 054f 22000000 		.4byte	.LASF43
 1022 0553 04       		.byte	0x4
 1023 0554 66       		.byte	0x66
 1024 0555 16       		.uleb128 0x16
 1025 0556 B0000000 		.4byte	.LASF44
 1026 055a B0000000 		.4byte	.LASF44
 1027 055e 0B       		.byte	0xb
 1028 055f 1E       		.byte	0x1e
 1029 0560 16       		.uleb128 0x16
 1030 0561 46030000 		.4byte	.LASF45
 1031 0565 46030000 		.4byte	.LASF45
 1032 0569 05       		.byte	0x5
 1033 056a 32       		.byte	0x32
 1034 056b 16       		.uleb128 0x16
 1035 056c D7000000 		.4byte	.LASF46
 1036 0570 D7000000 		.4byte	.LASF46
 1037 0574 0C       		.byte	0xc
 1038 0575 4E       		.byte	0x4e
 1039 0576 16       		.uleb128 0x16
 1040 0577 50000000 		.4byte	.LASF47
 1041 057b 50000000 		.4byte	.LASF47
 1042 057f 0A       		.byte	0xa
 1043 0580 26       		.byte	0x26
 1044 0581 16       		.uleb128 0x16
 1045 0582 9E010000 		.4byte	.LASF48
 1046 0586 9E010000 		.4byte	.LASF48
 1047 058a 0A       		.byte	0xa
 1048 058b 28       		.byte	0x28
 1049 058c 16       		.uleb128 0x16
 1050 058d 5B020000 		.4byte	.LASF49
 1051 0591 5B020000 		.4byte	.LASF49
 1052 0595 06       		.byte	0x6
 1053 0596 32       		.byte	0x32
 1054 0597 16       		.uleb128 0x16
 1055 0598 C5000000 		.4byte	.LASF50
 1056 059c C5000000 		.4byte	.LASF50
 1057 05a0 0C       		.byte	0xc
 1058 05a1 7C       		.byte	0x7c
 1059 05a2 16       		.uleb128 0x16
 1060 05a3 35030000 		.4byte	.LASF51
 1061 05a7 35030000 		.4byte	.LASF51
 1062 05ab 0D       		.byte	0xd
 1063 05ac 57       		.byte	0x57
 1064 05ad 16       		.uleb128 0x16
 1065 05ae 91030000 		.4byte	.LASF52
 1066 05b2 91030000 		.4byte	.LASF52
 1067 05b6 0E       		.byte	0xe
 1068 05b7 E7       		.byte	0xe7
 1069 05b8 00       		.byte	0
 1070              		.section	.debug_abbrev,"",%progbits
 1071              	.Ldebug_abbrev0:
 1072 0000 01       		.uleb128 0x1
ARM GAS  C:\Users\ben\AppData\Local\Temp\ccr4AmH7.s 			page 23


 1073 0001 11       		.uleb128 0x11
 1074 0002 01       		.byte	0x1
 1075 0003 25       		.uleb128 0x25
 1076 0004 0E       		.uleb128 0xe
 1077 0005 13       		.uleb128 0x13
 1078 0006 0B       		.uleb128 0xb
 1079 0007 03       		.uleb128 0x3
 1080 0008 0E       		.uleb128 0xe
 1081 0009 1B       		.uleb128 0x1b
 1082 000a 0E       		.uleb128 0xe
 1083 000b 55       		.uleb128 0x55
 1084 000c 17       		.uleb128 0x17
 1085 000d 11       		.uleb128 0x11
 1086 000e 01       		.uleb128 0x1
 1087 000f 10       		.uleb128 0x10
 1088 0010 17       		.uleb128 0x17
 1089 0011 00       		.byte	0
 1090 0012 00       		.byte	0
 1091 0013 02       		.uleb128 0x2
 1092 0014 24       		.uleb128 0x24
 1093 0015 00       		.byte	0
 1094 0016 0B       		.uleb128 0xb
 1095 0017 0B       		.uleb128 0xb
 1096 0018 3E       		.uleb128 0x3e
 1097 0019 0B       		.uleb128 0xb
 1098 001a 03       		.uleb128 0x3
 1099 001b 0E       		.uleb128 0xe
 1100 001c 00       		.byte	0
 1101 001d 00       		.byte	0
 1102 001e 03       		.uleb128 0x3
 1103 001f 24       		.uleb128 0x24
 1104 0020 00       		.byte	0
 1105 0021 0B       		.uleb128 0xb
 1106 0022 0B       		.uleb128 0xb
 1107 0023 3E       		.uleb128 0x3e
 1108 0024 0B       		.uleb128 0xb
 1109 0025 03       		.uleb128 0x3
 1110 0026 08       		.uleb128 0x8
 1111 0027 00       		.byte	0
 1112 0028 00       		.byte	0
 1113 0029 04       		.uleb128 0x4
 1114 002a 16       		.uleb128 0x16
 1115 002b 00       		.byte	0
 1116 002c 03       		.uleb128 0x3
 1117 002d 0E       		.uleb128 0xe
 1118 002e 3A       		.uleb128 0x3a
 1119 002f 0B       		.uleb128 0xb
 1120 0030 3B       		.uleb128 0x3b
 1121 0031 05       		.uleb128 0x5
 1122 0032 49       		.uleb128 0x49
 1123 0033 13       		.uleb128 0x13
 1124 0034 00       		.byte	0
 1125 0035 00       		.byte	0
 1126 0036 05       		.uleb128 0x5
 1127 0037 13       		.uleb128 0x13
 1128 0038 01       		.byte	0x1
 1129 0039 0B       		.uleb128 0xb
ARM GAS  C:\Users\ben\AppData\Local\Temp\ccr4AmH7.s 			page 24


 1130 003a 0B       		.uleb128 0xb
 1131 003b 3A       		.uleb128 0x3a
 1132 003c 0B       		.uleb128 0xb
 1133 003d 3B       		.uleb128 0x3b
 1134 003e 0B       		.uleb128 0xb
 1135 003f 01       		.uleb128 0x1
 1136 0040 13       		.uleb128 0x13
 1137 0041 00       		.byte	0
 1138 0042 00       		.byte	0
 1139 0043 06       		.uleb128 0x6
 1140 0044 0D       		.uleb128 0xd
 1141 0045 00       		.byte	0
 1142 0046 03       		.uleb128 0x3
 1143 0047 0E       		.uleb128 0xe
 1144 0048 3A       		.uleb128 0x3a
 1145 0049 0B       		.uleb128 0xb
 1146 004a 3B       		.uleb128 0x3b
 1147 004b 0B       		.uleb128 0xb
 1148 004c 49       		.uleb128 0x49
 1149 004d 13       		.uleb128 0x13
 1150 004e 38       		.uleb128 0x38
 1151 004f 0B       		.uleb128 0xb
 1152 0050 00       		.byte	0
 1153 0051 00       		.byte	0
 1154 0052 07       		.uleb128 0x7
 1155 0053 16       		.uleb128 0x16
 1156 0054 00       		.byte	0
 1157 0055 03       		.uleb128 0x3
 1158 0056 0E       		.uleb128 0xe
 1159 0057 3A       		.uleb128 0x3a
 1160 0058 0B       		.uleb128 0xb
 1161 0059 3B       		.uleb128 0x3b
 1162 005a 0B       		.uleb128 0xb
 1163 005b 49       		.uleb128 0x49
 1164 005c 13       		.uleb128 0x13
 1165 005d 00       		.byte	0
 1166 005e 00       		.byte	0
 1167 005f 08       		.uleb128 0x8
 1168 0060 2E       		.uleb128 0x2e
 1169 0061 01       		.byte	0x1
 1170 0062 3F       		.uleb128 0x3f
 1171 0063 19       		.uleb128 0x19
 1172 0064 03       		.uleb128 0x3
 1173 0065 0E       		.uleb128 0xe
 1174 0066 3A       		.uleb128 0x3a
 1175 0067 0B       		.uleb128 0xb
 1176 0068 3B       		.uleb128 0x3b
 1177 0069 0B       		.uleb128 0xb
 1178 006a 49       		.uleb128 0x49
 1179 006b 13       		.uleb128 0x13
 1180 006c 11       		.uleb128 0x11
 1181 006d 01       		.uleb128 0x1
 1182 006e 12       		.uleb128 0x12
 1183 006f 06       		.uleb128 0x6
 1184 0070 40       		.uleb128 0x40
 1185 0071 18       		.uleb128 0x18
 1186 0072 9742     		.uleb128 0x2117
ARM GAS  C:\Users\ben\AppData\Local\Temp\ccr4AmH7.s 			page 25


 1187 0074 19       		.uleb128 0x19
 1188 0075 01       		.uleb128 0x1
 1189 0076 13       		.uleb128 0x13
 1190 0077 00       		.byte	0
 1191 0078 00       		.byte	0
 1192 0079 09       		.uleb128 0x9
 1193 007a 34       		.uleb128 0x34
 1194 007b 00       		.byte	0
 1195 007c 03       		.uleb128 0x3
 1196 007d 0E       		.uleb128 0xe
 1197 007e 3A       		.uleb128 0x3a
 1198 007f 0B       		.uleb128 0xb
 1199 0080 3B       		.uleb128 0x3b
 1200 0081 0B       		.uleb128 0xb
 1201 0082 49       		.uleb128 0x49
 1202 0083 13       		.uleb128 0x13
 1203 0084 02       		.uleb128 0x2
 1204 0085 18       		.uleb128 0x18
 1205 0086 00       		.byte	0
 1206 0087 00       		.byte	0
 1207 0088 0A       		.uleb128 0xa
 1208 0089 34       		.uleb128 0x34
 1209 008a 00       		.byte	0
 1210 008b 03       		.uleb128 0x3
 1211 008c 0E       		.uleb128 0xe
 1212 008d 3A       		.uleb128 0x3a
 1213 008e 0B       		.uleb128 0xb
 1214 008f 3B       		.uleb128 0x3b
 1215 0090 0B       		.uleb128 0xb
 1216 0091 49       		.uleb128 0x49
 1217 0092 13       		.uleb128 0x13
 1218 0093 02       		.uleb128 0x2
 1219 0094 17       		.uleb128 0x17
 1220 0095 00       		.byte	0
 1221 0096 00       		.byte	0
 1222 0097 0B       		.uleb128 0xb
 1223 0098 34       		.uleb128 0x34
 1224 0099 00       		.byte	0
 1225 009a 03       		.uleb128 0x3
 1226 009b 0E       		.uleb128 0xe
 1227 009c 3A       		.uleb128 0x3a
 1228 009d 0B       		.uleb128 0xb
 1229 009e 3B       		.uleb128 0x3b
 1230 009f 0B       		.uleb128 0xb
 1231 00a0 49       		.uleb128 0x49
 1232 00a1 13       		.uleb128 0x13
 1233 00a2 1C       		.uleb128 0x1c
 1234 00a3 0B       		.uleb128 0xb
 1235 00a4 00       		.byte	0
 1236 00a5 00       		.byte	0
 1237 00a6 0C       		.uleb128 0xc
 1238 00a7 898201   		.uleb128 0x4109
 1239 00aa 01       		.byte	0x1
 1240 00ab 11       		.uleb128 0x11
 1241 00ac 01       		.uleb128 0x1
 1242 00ad 31       		.uleb128 0x31
 1243 00ae 13       		.uleb128 0x13
ARM GAS  C:\Users\ben\AppData\Local\Temp\ccr4AmH7.s 			page 26


 1244 00af 01       		.uleb128 0x1
 1245 00b0 13       		.uleb128 0x13
 1246 00b1 00       		.byte	0
 1247 00b2 00       		.byte	0
 1248 00b3 0D       		.uleb128 0xd
 1249 00b4 8A8201   		.uleb128 0x410a
 1250 00b7 00       		.byte	0
 1251 00b8 02       		.uleb128 0x2
 1252 00b9 18       		.uleb128 0x18
 1253 00ba 9142     		.uleb128 0x2111
 1254 00bc 18       		.uleb128 0x18
 1255 00bd 00       		.byte	0
 1256 00be 00       		.byte	0
 1257 00bf 0E       		.uleb128 0xe
 1258 00c0 898201   		.uleb128 0x4109
 1259 00c3 00       		.byte	0
 1260 00c4 11       		.uleb128 0x11
 1261 00c5 01       		.uleb128 0x1
 1262 00c6 31       		.uleb128 0x31
 1263 00c7 13       		.uleb128 0x13
 1264 00c8 00       		.byte	0
 1265 00c9 00       		.byte	0
 1266 00ca 0F       		.uleb128 0xf
 1267 00cb 898201   		.uleb128 0x4109
 1268 00ce 01       		.byte	0x1
 1269 00cf 11       		.uleb128 0x11
 1270 00d0 01       		.uleb128 0x1
 1271 00d1 31       		.uleb128 0x31
 1272 00d2 13       		.uleb128 0x13
 1273 00d3 00       		.byte	0
 1274 00d4 00       		.byte	0
 1275 00d5 10       		.uleb128 0x10
 1276 00d6 01       		.uleb128 0x1
 1277 00d7 01       		.byte	0x1
 1278 00d8 49       		.uleb128 0x49
 1279 00d9 13       		.uleb128 0x13
 1280 00da 01       		.uleb128 0x1
 1281 00db 13       		.uleb128 0x13
 1282 00dc 00       		.byte	0
 1283 00dd 00       		.byte	0
 1284 00de 11       		.uleb128 0x11
 1285 00df 21       		.uleb128 0x21
 1286 00e0 00       		.byte	0
 1287 00e1 49       		.uleb128 0x49
 1288 00e2 13       		.uleb128 0x13
 1289 00e3 2F       		.uleb128 0x2f
 1290 00e4 0B       		.uleb128 0xb
 1291 00e5 00       		.byte	0
 1292 00e6 00       		.byte	0
 1293 00e7 12       		.uleb128 0x12
 1294 00e8 34       		.uleb128 0x34
 1295 00e9 00       		.byte	0
 1296 00ea 03       		.uleb128 0x3
 1297 00eb 0E       		.uleb128 0xe
 1298 00ec 3A       		.uleb128 0x3a
 1299 00ed 0B       		.uleb128 0xb
 1300 00ee 3B       		.uleb128 0x3b
ARM GAS  C:\Users\ben\AppData\Local\Temp\ccr4AmH7.s 			page 27


 1301 00ef 0B       		.uleb128 0xb
 1302 00f0 49       		.uleb128 0x49
 1303 00f1 13       		.uleb128 0x13
 1304 00f2 00       		.byte	0
 1305 00f3 00       		.byte	0
 1306 00f4 13       		.uleb128 0x13
 1307 00f5 26       		.uleb128 0x26
 1308 00f6 00       		.byte	0
 1309 00f7 49       		.uleb128 0x49
 1310 00f8 13       		.uleb128 0x13
 1311 00f9 00       		.byte	0
 1312 00fa 00       		.byte	0
 1313 00fb 14       		.uleb128 0x14
 1314 00fc 34       		.uleb128 0x34
 1315 00fd 00       		.byte	0
 1316 00fe 03       		.uleb128 0x3
 1317 00ff 0E       		.uleb128 0xe
 1318 0100 3A       		.uleb128 0x3a
 1319 0101 0B       		.uleb128 0xb
 1320 0102 3B       		.uleb128 0x3b
 1321 0103 05       		.uleb128 0x5
 1322 0104 49       		.uleb128 0x49
 1323 0105 13       		.uleb128 0x13
 1324 0106 3F       		.uleb128 0x3f
 1325 0107 19       		.uleb128 0x19
 1326 0108 3C       		.uleb128 0x3c
 1327 0109 19       		.uleb128 0x19
 1328 010a 00       		.byte	0
 1329 010b 00       		.byte	0
 1330 010c 15       		.uleb128 0x15
 1331 010d 34       		.uleb128 0x34
 1332 010e 00       		.byte	0
 1333 010f 03       		.uleb128 0x3
 1334 0110 0E       		.uleb128 0xe
 1335 0111 3A       		.uleb128 0x3a
 1336 0112 0B       		.uleb128 0xb
 1337 0113 3B       		.uleb128 0x3b
 1338 0114 0B       		.uleb128 0xb
 1339 0115 49       		.uleb128 0x49
 1340 0116 13       		.uleb128 0x13
 1341 0117 3F       		.uleb128 0x3f
 1342 0118 19       		.uleb128 0x19
 1343 0119 02       		.uleb128 0x2
 1344 011a 18       		.uleb128 0x18
 1345 011b 00       		.byte	0
 1346 011c 00       		.byte	0
 1347 011d 16       		.uleb128 0x16
 1348 011e 2E       		.uleb128 0x2e
 1349 011f 00       		.byte	0
 1350 0120 3F       		.uleb128 0x3f
 1351 0121 19       		.uleb128 0x19
 1352 0122 3C       		.uleb128 0x3c
 1353 0123 19       		.uleb128 0x19
 1354 0124 6E       		.uleb128 0x6e
 1355 0125 0E       		.uleb128 0xe
 1356 0126 03       		.uleb128 0x3
 1357 0127 0E       		.uleb128 0xe
ARM GAS  C:\Users\ben\AppData\Local\Temp\ccr4AmH7.s 			page 28


 1358 0128 3A       		.uleb128 0x3a
 1359 0129 0B       		.uleb128 0xb
 1360 012a 3B       		.uleb128 0x3b
 1361 012b 0B       		.uleb128 0xb
 1362 012c 00       		.byte	0
 1363 012d 00       		.byte	0
 1364 012e 17       		.uleb128 0x17
 1365 012f 2E       		.uleb128 0x2e
 1366 0130 00       		.byte	0
 1367 0131 3F       		.uleb128 0x3f
 1368 0132 19       		.uleb128 0x19
 1369 0133 3C       		.uleb128 0x3c
 1370 0134 19       		.uleb128 0x19
 1371 0135 6E       		.uleb128 0x6e
 1372 0136 0E       		.uleb128 0xe
 1373 0137 03       		.uleb128 0x3
 1374 0138 0E       		.uleb128 0xe
 1375 0139 00       		.byte	0
 1376 013a 00       		.byte	0
 1377 013b 00       		.byte	0
 1378              		.section	.debug_loc,"",%progbits
 1379              	.Ldebug_loc0:
 1380              	.LLST0:
 1381 0000 2E000000 		.4byte	.LVL4
 1382 0004 FC000000 		.4byte	.LVL28
 1383 0008 0200     		.2byte	0x2
 1384 000a 30       		.byte	0x30
 1385 000b 9F       		.byte	0x9f
 1386 000c FC000000 		.4byte	.LVL28
 1387 0010 60010000 		.4byte	.LVL44
 1388 0014 0100     		.2byte	0x1
 1389 0016 54       		.byte	0x54
 1390 0017 00000000 		.4byte	0
 1391 001b 00000000 		.4byte	0
 1392              		.section	.debug_aranges,"",%progbits
 1393 0000 1C000000 		.4byte	0x1c
 1394 0004 0200     		.2byte	0x2
 1395 0006 00000000 		.4byte	.Ldebug_info0
 1396 000a 04       		.byte	0x4
 1397 000b 00       		.byte	0
 1398 000c 0000     		.2byte	0
 1399 000e 0000     		.2byte	0
 1400 0010 00000000 		.4byte	.LFB62
 1401 0014 A0010000 		.4byte	.LFE62-.LFB62
 1402 0018 00000000 		.4byte	0
 1403 001c 00000000 		.4byte	0
 1404              		.section	.debug_ranges,"",%progbits
 1405              	.Ldebug_ranges0:
 1406 0000 00000000 		.4byte	.LFB62
 1407 0004 A0010000 		.4byte	.LFE62
 1408 0008 00000000 		.4byte	0
 1409 000c 00000000 		.4byte	0
 1410              		.section	.debug_line,"",%progbits
 1411              	.Ldebug_line0:
 1412 0000 83010000 		.section	.debug_str,"MS",%progbits,1
 1412      02003301 
 1412      00000201 
ARM GAS  C:\Users\ben\AppData\Local\Temp\ccr4AmH7.s 			page 29


 1412      FB0E0D00 
 1412      01010101 
 1413              	.LASF6:
 1414 0000 6C6F6E67 		.ascii	"long long int\000"
 1414      206C6F6E 
 1414      6720696E 
 1414      7400
 1415              	.LASF25:
 1416 000e 74696D65 		.ascii	"timeBuffer\000"
 1416      42756666 
 1416      657200
 1417              	.LASF30:
 1418 0019 756E6971 		.ascii	"uniqueId\000"
 1418      75654964 
 1418      00
 1419              	.LASF43:
 1420 0022 67657454 		.ascii	"getTimeDateString\000"
 1420      696D6544 
 1420      61746553 
 1420      7472696E 
 1420      6700
 1421              	.LASF4:
 1422 0034 6C6F6E67 		.ascii	"long int\000"
 1422      20696E74 
 1422      00
 1423              	.LASF3:
 1424 003d 73686F72 		.ascii	"short unsigned int\000"
 1424      7420756E 
 1424      7369676E 
 1424      65642069 
 1424      6E7400
 1425              	.LASF47:
 1426 0050 73657441 		.ascii	"setAllWDTisr\000"
 1426      6C6C5744 
 1426      54697372 
 1426      00
 1427              	.LASF12:
 1428 005d 646F7562 		.ascii	"double\000"
 1428      6C6500
 1429              	.LASF19:
 1430 0064 73746174 		.ascii	"status\000"
 1430      757300
 1431              	.LASF21:
 1432 006b 75617274 		.ascii	"uartString\000"
 1432      53747269 
 1432      6E6700
 1433              	.LASF33:
 1434 0076 44494F5F 		.ascii	"DIO_0_0_Write\000"
 1434      305F305F 
 1434      57726974 
 1434      6500
 1435              	.LASF11:
 1436 0084 666C6F61 		.ascii	"float\000"
 1436      7400
 1437              	.LASF29:
 1438 008a 616C6172 		.ascii	"alarmTimeDate\000"
 1438      6D54696D 
ARM GAS  C:\Users\ben\AppData\Local\Temp\ccr4AmH7.s 			page 30


 1438      65446174 
 1438      6500
 1439              	.LASF32:
 1440 0098 756E6971 		.ascii	"uniqueUniqueIdInfo\000"
 1440      7565556E 
 1440      69717565 
 1440      4964496E 
 1440      666F00
 1441              	.LASF17:
 1442 00ab 64617465 		.ascii	"date\000"
 1442      00
 1443              	.LASF44:
 1444 00b0 73747263 		.ascii	"strcpy\000"
 1444      707900
 1445              	.LASF20:
 1446 00b7 5254435F 		.ascii	"RTC_DATE_TIME\000"
 1446      44415445 
 1446      5F54494D 
 1446      4500
 1447              	.LASF50:
 1448 00c5 43795379 		.ascii	"CySysWatchdogFeed\000"
 1448      73576174 
 1448      6368646F 
 1448      67466565 
 1448      6400
 1449              	.LASF46:
 1450 00d7 43795379 		.ascii	"CySysClkWcoStart\000"
 1450      73436C6B 
 1450      57636F53 
 1450      74617274 
 1450      00
 1451              	.LASF31:
 1452 00e8 636F6D6D 		.ascii	"commonUniqueIdInfo\000"
 1452      6F6E556E 
 1452      69717565 
 1452      4964496E 
 1452      666F00
 1453              	.LASF1:
 1454 00fb 756E7369 		.ascii	"unsigned char\000"
 1454      676E6564 
 1454      20636861 
 1454      7200
 1455              	.LASF41:
 1456 0109 6D656D73 		.ascii	"memset\000"
 1456      657400
 1457              	.LASF5:
 1458 0110 6C6F6E67 		.ascii	"long unsigned int\000"
 1458      20756E73 
 1458      69676E65 
 1458      6420696E 
 1458      7400
 1459              	.LASF23:
 1460 0122 6D794C6F 		.ascii	"myLoop\000"
 1460      6F7000
 1461              	.LASF40:
 1462 0129 73657454 		.ascii	"setTimeOfBuild\000"
 1462      696D654F 
ARM GAS  C:\Users\ben\AppData\Local\Temp\ccr4AmH7.s 			page 31


 1462      66427569 
 1462      6C6400
 1463              	.LASF56:
 1464 0138 6D61696E 		.ascii	"main\000"
 1464      00
 1465              	.LASF22:
 1466 013d 636F6D70 		.ascii	"compileTimeString\000"
 1466      696C6554 
 1466      696D6553 
 1466      7472696E 
 1466      6700
 1467              	.LASF35:
 1468 014f 43795379 		.ascii	"CySysGetResetReason\000"
 1468      73476574 
 1468      52657365 
 1468      74526561 
 1468      736F6E00 
 1469              	.LASF9:
 1470 0163 75696E74 		.ascii	"uint16\000"
 1470      313600
 1471              	.LASF10:
 1472 016a 75696E74 		.ascii	"uint32\000"
 1472      333200
 1473              	.LASF34:
 1474 0171 44494F5F 		.ascii	"DIO_0_3_Write\000"
 1474      305F335F 
 1474      57726974 
 1474      6500
 1475              	.LASF37:
 1476 017f 67657441 		.ascii	"getALL_WDT_Values\000"
 1476      4C4C5F57 
 1476      44545F56 
 1476      616C7565 
 1476      7300
 1477              	.LASF8:
 1478 0191 756E7369 		.ascii	"unsigned int\000"
 1478      676E6564 
 1478      20696E74 
 1478      00
 1479              	.LASF48:
 1480 019e 696E6974 		.ascii	"initWDT0\000"
 1480      57445430 
 1480      00
 1481              	.LASF7:
 1482 01a7 6C6F6E67 		.ascii	"long long unsigned int\000"
 1482      206C6F6E 
 1482      6720756E 
 1482      7369676E 
 1482      65642069 
 1483              	.LASF18:
 1484 01be 6461794F 		.ascii	"dayOfWeek\000"
 1484      66576565 
 1484      6B00
 1485              	.LASF16:
 1486 01c8 74696D65 		.ascii	"time\000"
 1486      00
 1487              	.LASF53:
ARM GAS  C:\Users\ben\AppData\Local\Temp\ccr4AmH7.s 			page 32


 1488 01cd 474E5520 		.ascii	"GNU C11 5.4.1 20160609 (release) [ARM/embedded-5-br"
 1488      43313120 
 1488      352E342E 
 1488      31203230 
 1488      31363036 
 1489 0200 616E6368 		.ascii	"anch revision 237715] -mcpu=cortex-m0 -mthumb -g -O"
 1489      20726576 
 1489      6973696F 
 1489      6E203233 
 1489      37373135 
 1490 0233 67202D66 		.ascii	"g -ffunction-sections -ffat-lto-objects\000"
 1490      66756E63 
 1490      74696F6E 
 1490      2D736563 
 1490      74696F6E 
 1491              	.LASF49:
 1492 025b 44494F5F 		.ascii	"DIO_0_0_Read\000"
 1492      305F305F 
 1492      52656164 
 1492      00
 1493              	.LASF15:
 1494 0268 73697A65 		.ascii	"sizetype\000"
 1494      74797065 
 1494      00
 1495              	.LASF38:
 1496 0271 696E6974 		.ascii	"initRTC\000"
 1496      52544300 
 1497              	.LASF54:
 1498 0279 6D61696E 		.ascii	"main.c\000"
 1498      2E6300
 1499              	.LASF13:
 1500 0280 63686172 		.ascii	"char\000"
 1500      00
 1501              	.LASF55:
 1502 0285 563A5C44 		.ascii	"V:\\Dynaris-V\\Psoc-Sleep_Docks\\2020-10-14_Testing"
 1502      796E6172 
 1502      69732D56 
 1502      5C50736F 
 1502      632D536C 
 1503 02b5 5C525443 		.ascii	"\\RTC_P4_WDT_Example_V1.00.04-Fork1\\RTC_P4_WDT_Exa"
 1503      5F50345F 
 1503      5744545F 
 1503      4578616D 
 1503      706C655F 
 1504 02e6 6D706C65 		.ascii	"mple_V1.00.04-Fork1.cydsn\000"
 1504      5F56312E 
 1504      30302E30 
 1504      342D466F 
 1504      726B312E 
 1505              	.LASF42:
 1506 0300 6D656D63 		.ascii	"memcpy\000"
 1506      707900
 1507              	.LASF2:
 1508 0307 73686F72 		.ascii	"short int\000"
 1508      7420696E 
 1508      7400
 1509              	.LASF24:
ARM GAS  C:\Users\ben\AppData\Local\Temp\ccr4AmH7.s 			page 33


 1510 0311 6D794C6F 		.ascii	"myLoopTotal\000"
 1510      6F70546F 
 1510      74616C00 
 1511              	.LASF39:
 1512 031d 73657452 		.ascii	"setRTCUpdate\000"
 1512      54435570 
 1512      64617465 
 1512      00
 1513              	.LASF26:
 1514 032a 64617465 		.ascii	"dateBuffer\000"
 1514      42756666 
 1514      657200
 1515              	.LASF51:
 1516 0335 43795379 		.ascii	"CySysPmDeepSleep\000"
 1516      73506D44 
 1516      65657053 
 1516      6C656570 
 1516      00
 1517              	.LASF45:
 1518 0346 7072696E 		.ascii	"printDIEinfo\000"
 1518      74444945 
 1518      696E666F 
 1518      00
 1519              	.LASF28:
 1520 0353 5254435F 		.ascii	"RTC_daysBeforeMonthTbl\000"
 1520      64617973 
 1520      4265666F 
 1520      72654D6F 
 1520      6E746854 
 1521              	.LASF14:
 1522 036a 6C6F6E67 		.ascii	"long double\000"
 1522      20646F75 
 1522      626C6500 
 1523              	.LASF0:
 1524 0376 7369676E 		.ascii	"signed char\000"
 1524      65642063 
 1524      68617200 
 1525              	.LASF36:
 1526 0382 55415254 		.ascii	"UART_PutString\000"
 1526      5F507574 
 1526      53747269 
 1526      6E6700
 1527              	.LASF52:
 1528 0391 73707269 		.ascii	"sprintf\000"
 1528      6E746600 
 1529              	.LASF27:
 1530 0399 74696D65 		.ascii	"timeDateBuffer\000"
 1530      44617465 
 1530      42756666 
 1530      657200
 1531              		.ident	"GCC: (GNU Tools for ARM Embedded Processors) 5.4.1 20160609 (release) [ARM/embedded-5-bran
