ARM GAS  C:\Users\ben\AppData\Local\Temp\cctyaTw0.s 			page 1


   1              		.syntax unified
   2              		.cpu cortex-m0
   3              		.fpu softvfp
   4              		.eabi_attribute 20, 1
   5              		.eabi_attribute 21, 1
   6              		.eabi_attribute 23, 3
   7              		.eabi_attribute 24, 1
   8              		.eabi_attribute 25, 1
   9              		.eabi_attribute 26, 1
  10              		.eabi_attribute 30, 1
  11              		.eabi_attribute 34, 0
  12              		.eabi_attribute 18, 4
  13              		.thumb
  14              		.syntax unified
  15              		.file	"MyBuild.c"
  16              		.text
  17              	.Ltext0:
  18              		.cfi_sections	.debug_frame
  19              		.section	.text.printDIEinfo,"ax",%progbits
  20              		.align	2
  21              		.global	printDIEinfo
  22              		.code	16
  23              		.thumb_func
  24              		.type	printDIEinfo, %function
  25              	printDIEinfo:
  26              	.LFB64:
  27              		.file 1 "MyBuild.c"
   1:MyBuild.c     **** /* ========================================
   2:MyBuild.c     ****  *
   3:MyBuild.c     ****  * Copyright YOUR COMPANY, THE YEAR
   4:MyBuild.c     ****  * All Rights Reserved
   5:MyBuild.c     ****  * UNPUBLISHED, LICENSED SOFTWARE.
   6:MyBuild.c     ****  *
   7:MyBuild.c     ****  * CONFIDENTIAL AND PROPRIETARY INFORMATION
   8:MyBuild.c     ****  * WHICH IS THE PROPERTY OF your company.
   9:MyBuild.c     ****  *
  10:MyBuild.c     ****  * ========================================
  11:MyBuild.c     **** */
  12:MyBuild.c     **** #include "MyBuild.h"
  13:MyBuild.c     **** 
  14:MyBuild.c     **** void printDIEinfo(){
  28              		.loc 1 14 0
  29              		.cfi_startproc
  30              		@ args = 0, pretend = 0, frame = 0
  31              		@ frame_needed = 0, uses_anonymous_args = 0
  32 0000 70B5     		push	{r4, r5, r6, lr}
  33              		.cfi_def_cfa_offset 16
  34              		.cfi_offset 4, -16
  35              		.cfi_offset 5, -12
  36              		.cfi_offset 6, -8
  37              		.cfi_offset 14, -4
  38 0002 84B0     		sub	sp, sp, #16
  39              		.cfi_def_cfa_offset 32
  15:MyBuild.c     ****     /* Gets unique id of the device */
  16:MyBuild.c     ****     CyGetUniqueId(uniqueId);
  40              		.loc 1 16 0
  41 0004 154D     		ldr	r5, .L2
ARM GAS  C:\Users\ben\AppData\Local\Temp\cctyaTw0.s 			page 2


  42 0006 2800     		movs	r0, r5
  43 0008 FFF7FEFF 		bl	CyGetUniqueId
  44              	.LVL0:
  17:MyBuild.c     ****     /* Sends formatted output to a string pointed to by commonUniqueIdInfo */
  18:MyBuild.c     ****     sprintf(commonUniqueIdInfo,"\rWafer=%03lu XPos=%03lu YPos=%03lu",
  19:MyBuild.c     ****         (uniqueId[0] >> DIE0_WAFER) & DIE_MASK,
  45              		.loc 1 19 0
  46 000c EA78     		ldrb	r2, [r5, #3]
  20:MyBuild.c     ****         (uniqueId[1] >> DIE1_X)     & DIE_MASK,
  47              		.loc 1 20 0
  48 000e 6B68     		ldr	r3, [r5, #4]
  21:MyBuild.c     ****         (uniqueId[1] >> DIE1_Y)     & DIE_MASK);
  49              		.loc 1 21 0
  50 0010 190A     		lsrs	r1, r3, #8
  18:MyBuild.c     ****         (uniqueId[0] >> DIE0_WAFER) & DIE_MASK,
  51              		.loc 1 18 0
  52 0012 FF24     		movs	r4, #255
  53 0014 2340     		ands	r3, r4
  54 0016 124E     		ldr	r6, .L2+4
  55 0018 2140     		ands	r1, r4
  56 001a 0091     		str	r1, [sp]
  57 001c 1149     		ldr	r1, .L2+8
  58 001e 3000     		movs	r0, r6
  59 0020 FFF7FEFF 		bl	sprintf
  60              	.LVL1:
  22:MyBuild.c     **** 
  23:MyBuild.c     ****     /* Print common Unique ID information to UART */
  24:MyBuild.c     ****     UART_PutString(commonUniqueIdInfo);
  61              		.loc 1 24 0
  62 0024 3000     		movs	r0, r6
  63 0026 FFF7FEFF 		bl	UART_PutString
  64              	.LVL2:
  25:MyBuild.c     **** 
  26:MyBuild.c     ****     /* Sends formatted output to a string pointed to by uniqueUniqueIdInfo */
  27:MyBuild.c     ****     #if (CY_PSOC4)
  28:MyBuild.c     ****     sprintf(uniqueUniqueIdInfo,"\n\rRevID=%03lu Lot0=%03lu Lot1=%03lu Lot2=%03lu Sort=%03lu",
  29:MyBuild.c     ****         (uniqueId[1] >> DIE1_MINOR) & DIE_MASK,
  65              		.loc 1 29 0
  66 002a 6968     		ldr	r1, [r5, #4]
  67 002c 0A0E     		lsrs	r2, r1, #24
  30:MyBuild.c     ****         (uniqueId[0] >> DIE0_LOT0)  & DIE_MASK,
  68              		.loc 1 30 0
  69 002e 2B68     		ldr	r3, [r5]
  31:MyBuild.c     ****         (uniqueId[0] >> DIE0_LOT1)  & DIE_MASK,
  70              		.loc 1 31 0
  71 0030 180A     		lsrs	r0, r3, #8
  32:MyBuild.c     ****         (uniqueId[0] >> DIE0_LOT2)  & DIE_MASK,
  72              		.loc 1 32 0
  73 0032 1E0C     		lsrs	r6, r3, #16
  33:MyBuild.c     ****         (uniqueId[1] >> DIE1_SORT)  & DIE_MASK);
  74              		.loc 1 33 0
  75 0034 090C     		lsrs	r1, r1, #16
  28:MyBuild.c     ****         (uniqueId[1] >> DIE1_MINOR) & DIE_MASK,
  76              		.loc 1 28 0
  77 0036 2340     		ands	r3, r4
  78 0038 0B4D     		ldr	r5, .L2+12
  79 003a 2140     		ands	r1, r4
ARM GAS  C:\Users\ben\AppData\Local\Temp\cctyaTw0.s 			page 3


  80 003c 0291     		str	r1, [sp, #8]
  81 003e 3100     		movs	r1, r6
  82 0040 2140     		ands	r1, r4
  83 0042 0191     		str	r1, [sp, #4]
  84 0044 0440     		ands	r4, r0
  85 0046 0094     		str	r4, [sp]
  86 0048 0849     		ldr	r1, .L2+16
  87 004a 2800     		movs	r0, r5
  88 004c FFF7FEFF 		bl	sprintf
  89              	.LVL3:
  34:MyBuild.c     ****     #else
  35:MyBuild.c     ****     sprintf(uniqueUniqueIdInfo,"\n\r RevID=%03lu\n\r LotLSB=%03lu\n\r LotMSB=%03lu\n\r Ww=%03lu\n\r
  36:MyBuild.c     ****         (uniqueId[0] >> DIE0_REV_ID)   & DIE_MASK,
  37:MyBuild.c     ****         (uniqueId[0] >> DIE0_LOT_LSB)  & DIE_MASK,
  38:MyBuild.c     ****         (uniqueId[0] >> DIE0_LOT_MSB)  & DIE_MASK,
  39:MyBuild.c     ****         (uniqueId[1] >> DIE1_WRK_WK)   & DIE_MASK,
  40:MyBuild.c     ****         (uniqueId[1] >> DIE1_FAB_YR)   & DIE_MASK);
  41:MyBuild.c     ****     #endif /* (CY_PSOC3 || CY_PSOC5) */
  42:MyBuild.c     **** 
  43:MyBuild.c     ****     /* Print unique Unique ID information to UART */
  44:MyBuild.c     ****     UART_PutString(uniqueUniqueIdInfo);
  90              		.loc 1 44 0
  91 0050 2800     		movs	r0, r5
  92 0052 FFF7FEFF 		bl	UART_PutString
  93              	.LVL4:
  45:MyBuild.c     **** 
  46:MyBuild.c     ****     
  47:MyBuild.c     **** }
  94              		.loc 1 47 0
  95 0056 04B0     		add	sp, sp, #16
  96              		@ sp needed
  97 0058 70BD     		pop	{r4, r5, r6, pc}
  98              	.L3:
  99 005a C046     		.align	2
 100              	.L2:
 101 005c 00000000 		.word	uniqueId
 102 0060 00000000 		.word	commonUniqueIdInfo
 103 0064 00000000 		.word	.LC1
 104 0068 00000000 		.word	uniqueUniqueIdInfo
 105 006c 24000000 		.word	.LC4
 106              		.cfi_endproc
 107              	.LFE64:
 108              		.size	printDIEinfo, .-printDIEinfo
 109              		.comm	uniqueUniqueIdInfo,80,4
 110              		.comm	commonUniqueIdInfo,60,4
 111              		.comm	uniqueId,8,4
 112              		.section	.rodata.str1.4,"aMS",%progbits,1
 113              		.align	2
 114              	.LC1:
 115 0000 0D576166 		.ascii	"\015Wafer=%03lu XPos=%03lu YPos=%03lu\000"
 115      65723D25 
 115      30336C75 
 115      2058506F 
 115      733D2530 
 116 0023 00       		.space	1
 117              	.LC4:
 118 0024 0A0D5265 		.ascii	"\012\015RevID=%03lu Lot0=%03lu Lot1=%03lu Lot2=%03l"
ARM GAS  C:\Users\ben\AppData\Local\Temp\cctyaTw0.s 			page 4


 118      7649443D 
 118      2530336C 
 118      75204C6F 
 118      74303D25 
 119 0051 7520536F 		.ascii	"u Sort=%03lu\000"
 119      72743D25 
 119      30336C75 
 119      00
 120              		.text
 121              	.Letext0:
 122              		.file 2 "Generated_Source\\PSoC4/cytypes.h"
 123              		.file 3 "Generated_Source\\PSoC4/RTC.h"
 124              		.file 4 "MyBuild.h"
 125              		.file 5 "Generated_Source\\PSoC4/CyLib.h"
 126              		.file 6 "c:\\program files (x86)\\cypress\\psoc creator\\4.3\\psoc creator\\import\\gnu\\arm\\5.4.
 127              		.file 7 "Generated_Source\\PSoC4/UART.h"
 128              		.section	.debug_info,"",%progbits
 129              	.Ldebug_info0:
 130 0000 E6010000 		.4byte	0x1e6
 131 0004 0400     		.2byte	0x4
 132 0006 00000000 		.4byte	.Ldebug_abbrev0
 133 000a 04       		.byte	0x4
 134 000b 01       		.uleb128 0x1
 135 000c 55010000 		.4byte	.LASF23
 136 0010 0C       		.byte	0xc
 137 0011 0E000000 		.4byte	.LASF24
 138 0015 75000000 		.4byte	.LASF25
 139 0019 00000000 		.4byte	.Ldebug_ranges0+0
 140 001d 00000000 		.4byte	0
 141 0021 00000000 		.4byte	.Ldebug_line0
 142 0025 02       		.uleb128 0x2
 143 0026 01       		.byte	0x1
 144 0027 06       		.byte	0x6
 145 0028 F6010000 		.4byte	.LASF0
 146 002c 02       		.uleb128 0x2
 147 002d 01       		.byte	0x1
 148 002e 08       		.byte	0x8
 149 002f 03010000 		.4byte	.LASF1
 150 0033 02       		.uleb128 0x2
 151 0034 02       		.byte	0x2
 152 0035 05       		.byte	0x5
 153 0036 1D020000 		.4byte	.LASF2
 154 003a 02       		.uleb128 0x2
 155 003b 02       		.byte	0x2
 156 003c 07       		.byte	0x7
 157 003d E3010000 		.4byte	.LASF3
 158 0041 02       		.uleb128 0x2
 159 0042 04       		.byte	0x4
 160 0043 05       		.byte	0x5
 161 0044 16010000 		.4byte	.LASF4
 162 0048 02       		.uleb128 0x2
 163 0049 04       		.byte	0x4
 164 004a 07       		.byte	0x7
 165 004b 1F010000 		.4byte	.LASF5
 166 004f 02       		.uleb128 0x2
 167 0050 08       		.byte	0x8
 168 0051 05       		.byte	0x5
ARM GAS  C:\Users\ben\AppData\Local\Temp\cctyaTw0.s 			page 5


 169 0052 00000000 		.4byte	.LASF6
 170 0056 02       		.uleb128 0x2
 171 0057 08       		.byte	0x8
 172 0058 07       		.byte	0x7
 173 0059 5E000000 		.4byte	.LASF7
 174 005d 03       		.uleb128 0x3
 175 005e 04       		.byte	0x4
 176 005f 05       		.byte	0x5
 177 0060 696E7400 		.ascii	"int\000"
 178 0064 02       		.uleb128 0x2
 179 0065 04       		.byte	0x4
 180 0066 07       		.byte	0x7
 181 0067 18000000 		.4byte	.LASF8
 182 006b 02       		.uleb128 0x2
 183 006c 08       		.byte	0x8
 184 006d 04       		.byte	0x4
 185 006e 02020000 		.4byte	.LASF9
 186 0072 02       		.uleb128 0x2
 187 0073 04       		.byte	0x4
 188 0074 07       		.byte	0x7
 189 0075 3B020000 		.4byte	.LASF10
 190 0079 02       		.uleb128 0x2
 191 007a 01       		.byte	0x1
 192 007b 08       		.byte	0x8
 193 007c 11010000 		.4byte	.LASF11
 194 0080 04       		.uleb128 0x4
 195 0081 27020000 		.4byte	.LASF12
 196 0085 02       		.byte	0x2
 197 0086 FC01     		.2byte	0x1fc
 198 0088 3A000000 		.4byte	0x3a
 199 008c 04       		.uleb128 0x4
 200 008d 25000000 		.4byte	.LASF13
 201 0091 02       		.byte	0x2
 202 0092 FD01     		.2byte	0x1fd
 203 0094 48000000 		.4byte	0x48
 204 0098 02       		.uleb128 0x2
 205 0099 04       		.byte	0x4
 206 009a 04       		.byte	0x4
 207 009b 17020000 		.4byte	.LASF14
 208 009f 02       		.uleb128 0x2
 209 00a0 08       		.byte	0x8
 210 00a1 04       		.byte	0x4
 211 00a2 31010000 		.4byte	.LASF15
 212 00a6 05       		.uleb128 0x5
 213 00a7 2E020000 		.4byte	.LASF26
 214 00ab 01       		.byte	0x1
 215 00ac 0E       		.byte	0xe
 216 00ad 00000000 		.4byte	.LFB64
 217 00b1 70000000 		.4byte	.LFE64-.LFB64
 218 00b5 01       		.uleb128 0x1
 219 00b6 9C       		.byte	0x9c
 220 00b7 3F010000 		.4byte	0x13f
 221 00bb 06       		.uleb128 0x6
 222 00bc 0C000000 		.4byte	.LVL0
 223 00c0 C8010000 		.4byte	0x1c8
 224 00c4 CF000000 		.4byte	0xcf
 225 00c8 07       		.uleb128 0x7
ARM GAS  C:\Users\ben\AppData\Local\Temp\cctyaTw0.s 			page 6


 226 00c9 01       		.uleb128 0x1
 227 00ca 50       		.byte	0x50
 228 00cb 02       		.uleb128 0x2
 229 00cc 75       		.byte	0x75
 230 00cd 00       		.sleb128 0
 231 00ce 00       		.byte	0
 232 00cf 06       		.uleb128 0x6
 233 00d0 24000000 		.4byte	.LVL1
 234 00d4 D3010000 		.4byte	0x1d3
 235 00d8 EC000000 		.4byte	0xec
 236 00dc 07       		.uleb128 0x7
 237 00dd 01       		.uleb128 0x1
 238 00de 50       		.byte	0x50
 239 00df 02       		.uleb128 0x2
 240 00e0 76       		.byte	0x76
 241 00e1 00       		.sleb128 0
 242 00e2 07       		.uleb128 0x7
 243 00e3 01       		.uleb128 0x1
 244 00e4 51       		.byte	0x51
 245 00e5 05       		.uleb128 0x5
 246 00e6 03       		.byte	0x3
 247 00e7 00000000 		.4byte	.LC1
 248 00eb 00       		.byte	0
 249 00ec 06       		.uleb128 0x6
 250 00ed 2A000000 		.4byte	.LVL2
 251 00f1 DE010000 		.4byte	0x1de
 252 00f5 00010000 		.4byte	0x100
 253 00f9 07       		.uleb128 0x7
 254 00fa 01       		.uleb128 0x1
 255 00fb 50       		.byte	0x50
 256 00fc 02       		.uleb128 0x2
 257 00fd 76       		.byte	0x76
 258 00fe 00       		.sleb128 0
 259 00ff 00       		.byte	0
 260 0100 06       		.uleb128 0x6
 261 0101 50000000 		.4byte	.LVL3
 262 0105 D3010000 		.4byte	0x1d3
 263 0109 2E010000 		.4byte	0x12e
 264 010d 07       		.uleb128 0x7
 265 010e 01       		.uleb128 0x1
 266 010f 50       		.byte	0x50
 267 0110 02       		.uleb128 0x2
 268 0111 75       		.byte	0x75
 269 0112 00       		.sleb128 0
 270 0113 07       		.uleb128 0x7
 271 0114 01       		.uleb128 0x1
 272 0115 51       		.byte	0x51
 273 0116 05       		.uleb128 0x5
 274 0117 03       		.byte	0x3
 275 0118 24000000 		.4byte	.LC4
 276 011c 07       		.uleb128 0x7
 277 011d 02       		.uleb128 0x2
 278 011e 7D       		.byte	0x7d
 279 011f 00       		.sleb128 0
 280 0120 02       		.uleb128 0x2
 281 0121 74       		.byte	0x74
 282 0122 00       		.sleb128 0
ARM GAS  C:\Users\ben\AppData\Local\Temp\cctyaTw0.s 			page 7


 283 0123 07       		.uleb128 0x7
 284 0124 02       		.uleb128 0x2
 285 0125 7D       		.byte	0x7d
 286 0126 04       		.sleb128 4
 287 0127 05       		.uleb128 0x5
 288 0128 76       		.byte	0x76
 289 0129 00       		.sleb128 0
 290 012a 08       		.byte	0x8
 291 012b FF       		.byte	0xff
 292 012c 1A       		.byte	0x1a
 293 012d 00       		.byte	0
 294 012e 08       		.uleb128 0x8
 295 012f 56000000 		.4byte	.LVL4
 296 0133 DE010000 		.4byte	0x1de
 297 0137 07       		.uleb128 0x7
 298 0138 01       		.uleb128 0x1
 299 0139 50       		.byte	0x50
 300 013a 02       		.uleb128 0x2
 301 013b 75       		.byte	0x75
 302 013c 00       		.sleb128 0
 303 013d 00       		.byte	0
 304 013e 00       		.byte	0
 305 013f 09       		.uleb128 0x9
 306 0140 4F010000 		.4byte	0x14f
 307 0144 4F010000 		.4byte	0x14f
 308 0148 0A       		.uleb128 0xa
 309 0149 72000000 		.4byte	0x72
 310 014d 0B       		.byte	0xb
 311 014e 00       		.byte	0
 312 014f 0B       		.uleb128 0xb
 313 0150 80000000 		.4byte	0x80
 314 0154 0C       		.uleb128 0xc
 315 0155 47000000 		.4byte	.LASF16
 316 0159 03       		.byte	0x3
 317 015a E001     		.2byte	0x1e0
 318 015c 60010000 		.4byte	0x160
 319 0160 0B       		.uleb128 0xb
 320 0161 3F010000 		.4byte	0x13f
 321 0165 09       		.uleb128 0x9
 322 0166 8C000000 		.4byte	0x8c
 323 016a 75010000 		.4byte	0x175
 324 016e 0A       		.uleb128 0xa
 325 016f 72000000 		.4byte	0x72
 326 0173 01       		.byte	0x1
 327 0174 00       		.byte	0
 328 0175 0D       		.uleb128 0xd
 329 0176 0E020000 		.4byte	.LASF17
 330 017a 04       		.byte	0x4
 331 017b 30       		.byte	0x30
 332 017c 65010000 		.4byte	0x165
 333 0180 05       		.uleb128 0x5
 334 0181 03       		.byte	0x3
 335 0182 00000000 		.4byte	uniqueId
 336 0186 09       		.uleb128 0x9
 337 0187 79000000 		.4byte	0x79
 338 018b 96010000 		.4byte	0x196
 339 018f 0A       		.uleb128 0xa
ARM GAS  C:\Users\ben\AppData\Local\Temp\cctyaTw0.s 			page 8


 340 0190 72000000 		.4byte	0x72
 341 0194 3B       		.byte	0x3b
 342 0195 00       		.byte	0
 343 0196 0D       		.uleb128 0xd
 344 0197 F0000000 		.4byte	.LASF18
 345 019b 04       		.byte	0x4
 346 019c 2B       		.byte	0x2b
 347 019d 86010000 		.4byte	0x186
 348 01a1 05       		.uleb128 0x5
 349 01a2 03       		.byte	0x3
 350 01a3 00000000 		.4byte	commonUniqueIdInfo
 351 01a7 09       		.uleb128 0x9
 352 01a8 79000000 		.4byte	0x79
 353 01ac B7010000 		.4byte	0x1b7
 354 01b0 0A       		.uleb128 0xa
 355 01b1 72000000 		.4byte	0x72
 356 01b5 4F       		.byte	0x4f
 357 01b6 00       		.byte	0
 358 01b7 0D       		.uleb128 0xd
 359 01b8 2C000000 		.4byte	.LASF19
 360 01bc 04       		.byte	0x4
 361 01bd 2C       		.byte	0x2c
 362 01be A7010000 		.4byte	0x1a7
 363 01c2 05       		.uleb128 0x5
 364 01c3 03       		.byte	0x3
 365 01c4 00000000 		.4byte	uniqueUniqueIdInfo
 366 01c8 0E       		.uleb128 0xe
 367 01c9 38010000 		.4byte	.LASF20
 368 01cd 38010000 		.4byte	.LASF20
 369 01d1 05       		.byte	0x5
 370 01d2 FC       		.byte	0xfc
 371 01d3 0E       		.uleb128 0xe
 372 01d4 3F000000 		.4byte	.LASF21
 373 01d8 3F000000 		.4byte	.LASF21
 374 01dc 06       		.byte	0x6
 375 01dd E7       		.byte	0xe7
 376 01de 0E       		.uleb128 0xe
 377 01df 46010000 		.4byte	.LASF22
 378 01e3 46010000 		.4byte	.LASF22
 379 01e7 07       		.byte	0x7
 380 01e8 26       		.byte	0x26
 381 01e9 00       		.byte	0
 382              		.section	.debug_abbrev,"",%progbits
 383              	.Ldebug_abbrev0:
 384 0000 01       		.uleb128 0x1
 385 0001 11       		.uleb128 0x11
 386 0002 01       		.byte	0x1
 387 0003 25       		.uleb128 0x25
 388 0004 0E       		.uleb128 0xe
 389 0005 13       		.uleb128 0x13
 390 0006 0B       		.uleb128 0xb
 391 0007 03       		.uleb128 0x3
 392 0008 0E       		.uleb128 0xe
 393 0009 1B       		.uleb128 0x1b
 394 000a 0E       		.uleb128 0xe
 395 000b 55       		.uleb128 0x55
 396 000c 17       		.uleb128 0x17
ARM GAS  C:\Users\ben\AppData\Local\Temp\cctyaTw0.s 			page 9


 397 000d 11       		.uleb128 0x11
 398 000e 01       		.uleb128 0x1
 399 000f 10       		.uleb128 0x10
 400 0010 17       		.uleb128 0x17
 401 0011 00       		.byte	0
 402 0012 00       		.byte	0
 403 0013 02       		.uleb128 0x2
 404 0014 24       		.uleb128 0x24
 405 0015 00       		.byte	0
 406 0016 0B       		.uleb128 0xb
 407 0017 0B       		.uleb128 0xb
 408 0018 3E       		.uleb128 0x3e
 409 0019 0B       		.uleb128 0xb
 410 001a 03       		.uleb128 0x3
 411 001b 0E       		.uleb128 0xe
 412 001c 00       		.byte	0
 413 001d 00       		.byte	0
 414 001e 03       		.uleb128 0x3
 415 001f 24       		.uleb128 0x24
 416 0020 00       		.byte	0
 417 0021 0B       		.uleb128 0xb
 418 0022 0B       		.uleb128 0xb
 419 0023 3E       		.uleb128 0x3e
 420 0024 0B       		.uleb128 0xb
 421 0025 03       		.uleb128 0x3
 422 0026 08       		.uleb128 0x8
 423 0027 00       		.byte	0
 424 0028 00       		.byte	0
 425 0029 04       		.uleb128 0x4
 426 002a 16       		.uleb128 0x16
 427 002b 00       		.byte	0
 428 002c 03       		.uleb128 0x3
 429 002d 0E       		.uleb128 0xe
 430 002e 3A       		.uleb128 0x3a
 431 002f 0B       		.uleb128 0xb
 432 0030 3B       		.uleb128 0x3b
 433 0031 05       		.uleb128 0x5
 434 0032 49       		.uleb128 0x49
 435 0033 13       		.uleb128 0x13
 436 0034 00       		.byte	0
 437 0035 00       		.byte	0
 438 0036 05       		.uleb128 0x5
 439 0037 2E       		.uleb128 0x2e
 440 0038 01       		.byte	0x1
 441 0039 3F       		.uleb128 0x3f
 442 003a 19       		.uleb128 0x19
 443 003b 03       		.uleb128 0x3
 444 003c 0E       		.uleb128 0xe
 445 003d 3A       		.uleb128 0x3a
 446 003e 0B       		.uleb128 0xb
 447 003f 3B       		.uleb128 0x3b
 448 0040 0B       		.uleb128 0xb
 449 0041 27       		.uleb128 0x27
 450 0042 19       		.uleb128 0x19
 451 0043 11       		.uleb128 0x11
 452 0044 01       		.uleb128 0x1
 453 0045 12       		.uleb128 0x12
ARM GAS  C:\Users\ben\AppData\Local\Temp\cctyaTw0.s 			page 10


 454 0046 06       		.uleb128 0x6
 455 0047 40       		.uleb128 0x40
 456 0048 18       		.uleb128 0x18
 457 0049 9742     		.uleb128 0x2117
 458 004b 19       		.uleb128 0x19
 459 004c 01       		.uleb128 0x1
 460 004d 13       		.uleb128 0x13
 461 004e 00       		.byte	0
 462 004f 00       		.byte	0
 463 0050 06       		.uleb128 0x6
 464 0051 898201   		.uleb128 0x4109
 465 0054 01       		.byte	0x1
 466 0055 11       		.uleb128 0x11
 467 0056 01       		.uleb128 0x1
 468 0057 31       		.uleb128 0x31
 469 0058 13       		.uleb128 0x13
 470 0059 01       		.uleb128 0x1
 471 005a 13       		.uleb128 0x13
 472 005b 00       		.byte	0
 473 005c 00       		.byte	0
 474 005d 07       		.uleb128 0x7
 475 005e 8A8201   		.uleb128 0x410a
 476 0061 00       		.byte	0
 477 0062 02       		.uleb128 0x2
 478 0063 18       		.uleb128 0x18
 479 0064 9142     		.uleb128 0x2111
 480 0066 18       		.uleb128 0x18
 481 0067 00       		.byte	0
 482 0068 00       		.byte	0
 483 0069 08       		.uleb128 0x8
 484 006a 898201   		.uleb128 0x4109
 485 006d 01       		.byte	0x1
 486 006e 11       		.uleb128 0x11
 487 006f 01       		.uleb128 0x1
 488 0070 31       		.uleb128 0x31
 489 0071 13       		.uleb128 0x13
 490 0072 00       		.byte	0
 491 0073 00       		.byte	0
 492 0074 09       		.uleb128 0x9
 493 0075 01       		.uleb128 0x1
 494 0076 01       		.byte	0x1
 495 0077 49       		.uleb128 0x49
 496 0078 13       		.uleb128 0x13
 497 0079 01       		.uleb128 0x1
 498 007a 13       		.uleb128 0x13
 499 007b 00       		.byte	0
 500 007c 00       		.byte	0
 501 007d 0A       		.uleb128 0xa
 502 007e 21       		.uleb128 0x21
 503 007f 00       		.byte	0
 504 0080 49       		.uleb128 0x49
 505 0081 13       		.uleb128 0x13
 506 0082 2F       		.uleb128 0x2f
 507 0083 0B       		.uleb128 0xb
 508 0084 00       		.byte	0
 509 0085 00       		.byte	0
 510 0086 0B       		.uleb128 0xb
ARM GAS  C:\Users\ben\AppData\Local\Temp\cctyaTw0.s 			page 11


 511 0087 26       		.uleb128 0x26
 512 0088 00       		.byte	0
 513 0089 49       		.uleb128 0x49
 514 008a 13       		.uleb128 0x13
 515 008b 00       		.byte	0
 516 008c 00       		.byte	0
 517 008d 0C       		.uleb128 0xc
 518 008e 34       		.uleb128 0x34
 519 008f 00       		.byte	0
 520 0090 03       		.uleb128 0x3
 521 0091 0E       		.uleb128 0xe
 522 0092 3A       		.uleb128 0x3a
 523 0093 0B       		.uleb128 0xb
 524 0094 3B       		.uleb128 0x3b
 525 0095 05       		.uleb128 0x5
 526 0096 49       		.uleb128 0x49
 527 0097 13       		.uleb128 0x13
 528 0098 3F       		.uleb128 0x3f
 529 0099 19       		.uleb128 0x19
 530 009a 3C       		.uleb128 0x3c
 531 009b 19       		.uleb128 0x19
 532 009c 00       		.byte	0
 533 009d 00       		.byte	0
 534 009e 0D       		.uleb128 0xd
 535 009f 34       		.uleb128 0x34
 536 00a0 00       		.byte	0
 537 00a1 03       		.uleb128 0x3
 538 00a2 0E       		.uleb128 0xe
 539 00a3 3A       		.uleb128 0x3a
 540 00a4 0B       		.uleb128 0xb
 541 00a5 3B       		.uleb128 0x3b
 542 00a6 0B       		.uleb128 0xb
 543 00a7 49       		.uleb128 0x49
 544 00a8 13       		.uleb128 0x13
 545 00a9 3F       		.uleb128 0x3f
 546 00aa 19       		.uleb128 0x19
 547 00ab 02       		.uleb128 0x2
 548 00ac 18       		.uleb128 0x18
 549 00ad 00       		.byte	0
 550 00ae 00       		.byte	0
 551 00af 0E       		.uleb128 0xe
 552 00b0 2E       		.uleb128 0x2e
 553 00b1 00       		.byte	0
 554 00b2 3F       		.uleb128 0x3f
 555 00b3 19       		.uleb128 0x19
 556 00b4 3C       		.uleb128 0x3c
 557 00b5 19       		.uleb128 0x19
 558 00b6 6E       		.uleb128 0x6e
 559 00b7 0E       		.uleb128 0xe
 560 00b8 03       		.uleb128 0x3
 561 00b9 0E       		.uleb128 0xe
 562 00ba 3A       		.uleb128 0x3a
 563 00bb 0B       		.uleb128 0xb
 564 00bc 3B       		.uleb128 0x3b
 565 00bd 0B       		.uleb128 0xb
 566 00be 00       		.byte	0
 567 00bf 00       		.byte	0
ARM GAS  C:\Users\ben\AppData\Local\Temp\cctyaTw0.s 			page 12


 568 00c0 00       		.byte	0
 569              		.section	.debug_aranges,"",%progbits
 570 0000 1C000000 		.4byte	0x1c
 571 0004 0200     		.2byte	0x2
 572 0006 00000000 		.4byte	.Ldebug_info0
 573 000a 04       		.byte	0x4
 574 000b 00       		.byte	0
 575 000c 0000     		.2byte	0
 576 000e 0000     		.2byte	0
 577 0010 00000000 		.4byte	.LFB64
 578 0014 70000000 		.4byte	.LFE64-.LFB64
 579 0018 00000000 		.4byte	0
 580 001c 00000000 		.4byte	0
 581              		.section	.debug_ranges,"",%progbits
 582              	.Ldebug_ranges0:
 583 0000 00000000 		.4byte	.LFB64
 584 0004 70000000 		.4byte	.LFE64
 585 0008 00000000 		.4byte	0
 586 000c 00000000 		.4byte	0
 587              		.section	.debug_line,"",%progbits
 588              	.Ldebug_line0:
 589 0000 07010000 		.section	.debug_str,"MS",%progbits,1
 589      0200E200 
 589      00000201 
 589      FB0E0D00 
 589      01010101 
 590              	.LASF6:
 591 0000 6C6F6E67 		.ascii	"long long int\000"
 591      206C6F6E 
 591      6720696E 
 591      7400
 592              	.LASF24:
 593 000e 4D794275 		.ascii	"MyBuild.c\000"
 593      696C642E 
 593      6300
 594              	.LASF8:
 595 0018 756E7369 		.ascii	"unsigned int\000"
 595      676E6564 
 595      20696E74 
 595      00
 596              	.LASF13:
 597 0025 75696E74 		.ascii	"uint32\000"
 597      333200
 598              	.LASF19:
 599 002c 756E6971 		.ascii	"uniqueUniqueIdInfo\000"
 599      7565556E 
 599      69717565 
 599      4964496E 
 599      666F00
 600              	.LASF21:
 601 003f 73707269 		.ascii	"sprintf\000"
 601      6E746600 
 602              	.LASF16:
 603 0047 5254435F 		.ascii	"RTC_daysBeforeMonthTbl\000"
 603      64617973 
 603      4265666F 
 603      72654D6F 
ARM GAS  C:\Users\ben\AppData\Local\Temp\cctyaTw0.s 			page 13


 603      6E746854 
 604              	.LASF7:
 605 005e 6C6F6E67 		.ascii	"long long unsigned int\000"
 605      206C6F6E 
 605      6720756E 
 605      7369676E 
 605      65642069 
 606              	.LASF25:
 607 0075 563A5C44 		.ascii	"V:\\Dynaris-V\\Psoc-Sleep_Docks\\2020-10-14_Testing"
 607      796E6172 
 607      69732D56 
 607      5C50736F 
 607      632D536C 
 608 00a5 5C525443 		.ascii	"\\RTC_P4_WDT_Example_V1.00.04-Fork1\\RTC_P4_WDT_Exa"
 608      5F50345F 
 608      5744545F 
 608      4578616D 
 608      706C655F 
 609 00d6 6D706C65 		.ascii	"mple_V1.00.04-Fork1.cydsn\000"
 609      5F56312E 
 609      30302E30 
 609      342D466F 
 609      726B312E 
 610              	.LASF18:
 611 00f0 636F6D6D 		.ascii	"commonUniqueIdInfo\000"
 611      6F6E556E 
 611      69717565 
 611      4964496E 
 611      666F00
 612              	.LASF1:
 613 0103 756E7369 		.ascii	"unsigned char\000"
 613      676E6564 
 613      20636861 
 613      7200
 614              	.LASF11:
 615 0111 63686172 		.ascii	"char\000"
 615      00
 616              	.LASF4:
 617 0116 6C6F6E67 		.ascii	"long int\000"
 617      20696E74 
 617      00
 618              	.LASF5:
 619 011f 6C6F6E67 		.ascii	"long unsigned int\000"
 619      20756E73 
 619      69676E65 
 619      6420696E 
 619      7400
 620              	.LASF15:
 621 0131 646F7562 		.ascii	"double\000"
 621      6C6500
 622              	.LASF20:
 623 0138 43794765 		.ascii	"CyGetUniqueId\000"
 623      74556E69 
 623      71756549 
 623      6400
 624              	.LASF22:
 625 0146 55415254 		.ascii	"UART_PutString\000"
ARM GAS  C:\Users\ben\AppData\Local\Temp\cctyaTw0.s 			page 14


 625      5F507574 
 625      53747269 
 625      6E6700
 626              	.LASF23:
 627 0155 474E5520 		.ascii	"GNU C11 5.4.1 20160609 (release) [ARM/embedded-5-br"
 627      43313120 
 627      352E342E 
 627      31203230 
 627      31363036 
 628 0188 616E6368 		.ascii	"anch revision 237715] -mcpu=cortex-m0 -mthumb -g -O"
 628      20726576 
 628      6973696F 
 628      6E203233 
 628      37373135 
 629 01bb 67202D66 		.ascii	"g -ffunction-sections -ffat-lto-objects\000"
 629      66756E63 
 629      74696F6E 
 629      2D736563 
 629      74696F6E 
 630              	.LASF3:
 631 01e3 73686F72 		.ascii	"short unsigned int\000"
 631      7420756E 
 631      7369676E 
 631      65642069 
 631      6E7400
 632              	.LASF0:
 633 01f6 7369676E 		.ascii	"signed char\000"
 633      65642063 
 633      68617200 
 634              	.LASF9:
 635 0202 6C6F6E67 		.ascii	"long double\000"
 635      20646F75 
 635      626C6500 
 636              	.LASF17:
 637 020e 756E6971 		.ascii	"uniqueId\000"
 637      75654964 
 637      00
 638              	.LASF14:
 639 0217 666C6F61 		.ascii	"float\000"
 639      7400
 640              	.LASF2:
 641 021d 73686F72 		.ascii	"short int\000"
 641      7420696E 
 641      7400
 642              	.LASF12:
 643 0227 75696E74 		.ascii	"uint16\000"
 643      313600
 644              	.LASF26:
 645 022e 7072696E 		.ascii	"printDIEinfo\000"
 645      74444945 
 645      696E666F 
 645      00
 646              	.LASF10:
 647 023b 73697A65 		.ascii	"sizetype\000"
 647      74797065 
 647      00
 648              		.ident	"GCC: (GNU Tools for ARM Embedded Processors) 5.4.1 20160609 (release) [ARM/embedded-5-bran
ARM GAS  C:\Users\ben\AppData\Local\Temp\cctyaTw0.s 			page 15


