--------------- Build Started: 10/27/2020 08:07:30 Project: RTC_P4_WDT_Example_V1.00.04-Fork1, Configuration: ARM GCC 5.4-2016-q2-update Debug ---------------
The code generation step is up to date.
PowerShell.exe -ExecutionPolicy Bypass -Command "& \".\SCRIPT\PreBuildScript.ps1\""
arm-none-eabi-gcc.exe -mcpu=cortex-m0 -mthumb -I. -IGenerated_Source\PSoC4 -Wa,-alh=.\CortexM0\ARM_GCC_541\Debug/main.lst -g -D DEBUG -Wall -ffunction-sections -ffat-lto-objects -Og -c main.c -o .\CortexM0\ARM_GCC_541\Debug\main.o
In file included from MyWDT.h:18:0,
                 from main.c:24:
MyTime.h:87:17: warning: 'timeBuffer' defined but not used [-Wunused-variable]
     static char timeBuffer[16u];
                 ^
MyTime.h:88:17: warning: 'dateBuffer' defined but not used [-Wunused-variable]
     static char dateBuffer[16u];
                 ^
arm-none-eabi-gcc.exe -mcpu=cortex-m0 -mthumb -I. -IGenerated_Source\PSoC4 -Wa,-alh=.\CortexM0\ARM_GCC_541\Debug/MyTime.lst -g -D DEBUG -Wall -ffunction-sections -ffat-lto-objects -Og -c MyTime.c -o .\CortexM0\ARM_GCC_541\Debug\MyTime.o
arm-none-eabi-gcc.exe -mcpu=cortex-m0 -mthumb -I. -IGenerated_Source\PSoC4 -Wa,-alh=.\CortexM0\ARM_GCC_541\Debug/MyWDT.lst -g -D DEBUG -Wall -ffunction-sections -ffat-lto-objects -Og -c MyWDT.c -o .\CortexM0\ARM_GCC_541\Debug\MyWDT.o
MyWDT.c: In function 'getALL_WDT_Values':
MyWDT.c:223:11: warning: unused variable 'WdtGetMatchValue2' [-Wunused-variable]
     int32 WdtGetMatchValue2;
           ^
MyWDT.c:219:11: warning: unused variable 'WdtGetClearOnMatchValue2' [-Wunused-variable]
     int32 WdtGetClearOnMatchValue2;
           ^
In file included from MyWDT.h:18:0,
                 from MyWDT.c:12:
MyWDT.c: At top level:
MyTime.h:87:17: warning: 'timeBuffer' defined but not used [-Wunused-variable]
     static char timeBuffer[16u];
                 ^
MyTime.h:88:17: warning: 'dateBuffer' defined but not used [-Wunused-variable]
     static char dateBuffer[16u];
                 ^
arm-none-eabi-ar.exe -rs .\CortexM0\ARM_GCC_541\Debug\RTC_P4_WDT_Example_V1.00.04-Fork1.a .\CortexM0\ARM_GCC_541\Debug\LED_Alarm.o .\CortexM0\ARM_GCC_541\Debug\LED_Alarm_PM.o .\CortexM0\ARM_GCC_541\Debug\LED_WdtIsr.o .\CortexM0\ARM_GCC_541\Debug\LED_WdtIsr_PM.o .\CortexM0\ARM_GCC_541\Debug\RTC.o .\CortexM0\ARM_GCC_541\Debug\UART.o .\CortexM0\ARM_GCC_541\Debug\CyFlash.o .\CortexM0\ARM_GCC_541\Debug\CyLib.o .\CortexM0\ARM_GCC_541\Debug\cyPm.o .\CortexM0\ARM_GCC_541\Debug\cyutils.o .\CortexM0\ARM_GCC_541\Debug\CyDMA.o .\CortexM0\ARM_GCC_541\Debug\CyLFClk.o .\CortexM0\ARM_GCC_541\Debug\cy_em_eeprom.o .\CortexM0\ARM_GCC_541\Debug\DIO_0_0.o .\CortexM0\ARM_GCC_541\Debug\DIO_0_0_PM.o .\CortexM0\ARM_GCC_541\Debug\DIO_0_3.o .\CortexM0\ARM_GCC_541\Debug\DIO_0_3_PM.o .\CortexM0\ARM_GCC_541\Debug\UART_AsmGnu.o .\CortexM0\ARM_GCC_541\Debug\CyBootAsmGnu.o
arm-none-eabi-ar.exe: creating .\CortexM0\ARM_GCC_541\Debug\RTC_P4_WDT_Example_V1.00.04-Fork1.a
arm-none-eabi-gcc.exe -Wl,--start-group -o V:\Dynaris-V\Psoc-Sleep_Docks\2020-10-14_Testing\RTC_P4_WDT_Example_V1.00.04-Fork1\RTC_P4_WDT_Example_V1.00.04-Fork1.cydsn\CortexM0\ARM_GCC_541\Debug\RTC_P4_WDT_Example_V1.00.04-Fork1.elf .\CortexM0\ARM_GCC_541\Debug\main.o .\CortexM0\ARM_GCC_541\Debug\MyTime.o .\CortexM0\ARM_GCC_541\Debug\MyWDT.o .\CortexM0\ARM_GCC_541\Debug\cyfitter_cfg.o .\CortexM0\ARM_GCC_541\Debug\cymetadata.o .\CortexM0\ARM_GCC_541\Debug\Cm0Start.o .\CortexM0\ARM_GCC_541\Debug\RTC_P4_WDT_Example_V1.00.04-Fork1.a -mcpu=cortex-m0 -mthumb -L Generated_Source\PSoC4 -Wl,-Map,.\CortexM0\ARM_GCC_541\Debug/RTC_P4_WDT_Example_V1.00.04-Fork1.map -T Generated_Source\PSoC4\cm0gcc.ld -specs=nano.specs -Wl,--gc-sections -g -ffunction-sections -Og -ffat-lto-objects -Wl,--end-group
cyelftool.exe -C V:\Dynaris-V\Psoc-Sleep_Docks\2020-10-14_Testing\RTC_P4_WDT_Example_V1.00.04-Fork1\RTC_P4_WDT_Example_V1.00.04-Fork1.cydsn\CortexM0\ARM_GCC_541\Debug\RTC_P4_WDT_Example_V1.00.04-Fork1.elf --flash_row_size 128 --flash_size 131072 --flash_offset 0x00000000
No ELF section .cychecksum found, creating one
Application checksum calculated and stored in ELF section .cychecksum
Checksum calculated and stored in ELF section .cymeta
cyelftool.exe -S V:\Dynaris-V\Psoc-Sleep_Docks\2020-10-14_Testing\RTC_P4_WDT_Example_V1.00.04-Fork1\RTC_P4_WDT_Example_V1.00.04-Fork1.cydsn\CortexM0\ARM_GCC_541\Debug\RTC_P4_WDT_Example_V1.00.04-Fork1.elf
Flash used: 12702 of 131072 bytes (9.7%).
SRAM used: 1728 of 16384 bytes (10.5%). Stack: 1024 bytes. Heap: 128 bytes.
--------------- Build Succeeded: 10/27/2020 08:07:32 ---------------
