--------------- Rebuild Started: 10/27/2020 11:19:29 Project: RTC_P4_WDT_Example_V1.00.04-Fork1, Configuration: ARM GCC 5.4-2016-q2-update Debug ---------------
Deleting file ".\CortexM0\ARM_GCC_541\Debug\main.o"
Deleting file ".\CortexM0\ARM_GCC_541\Debug\MyTime.o"
Deleting file ".\CortexM0\ARM_GCC_541\Debug\MyWDT.o"
Deleting file ".\CortexM0\ARM_GCC_541\Debug\MyBuild.o"
Deleting file ".\CortexM0\ARM_GCC_541\Debug\cyfitter_cfg.o"
Deleting file ".\CortexM0\ARM_GCC_541\Debug\cymetadata.o"
Deleting file ".\CortexM0\ARM_GCC_541\Debug\LED_Alarm.o"
Deleting file ".\CortexM0\ARM_GCC_541\Debug\LED_Alarm_PM.o"
Deleting file ".\CortexM0\ARM_GCC_541\Debug\LED_WdtIsr.o"
Deleting file ".\CortexM0\ARM_GCC_541\Debug\LED_WdtIsr_PM.o"
Deleting file ".\CortexM0\ARM_GCC_541\Debug\RTC.o"
Deleting file ".\CortexM0\ARM_GCC_541\Debug\UART_AsmGnu.o"
Deleting file ".\CortexM0\ARM_GCC_541\Debug\UART.o"
Deleting file ".\CortexM0\ARM_GCC_541\Debug\Cm0Start.o"
Deleting file ".\CortexM0\ARM_GCC_541\Debug\CyFlash.o"
Deleting file ".\CortexM0\ARM_GCC_541\Debug\CyLib.o"
Deleting file ".\CortexM0\ARM_GCC_541\Debug\cyPm.o"
Deleting file ".\CortexM0\ARM_GCC_541\Debug\cyutils.o"
Deleting file ".\CortexM0\ARM_GCC_541\Debug\CyBootAsmGnu.o"
Deleting file ".\CortexM0\ARM_GCC_541\Debug\CyDMA.o"
Deleting file ".\CortexM0\ARM_GCC_541\Debug\CyLFClk.o"
Deleting file ".\CortexM0\ARM_GCC_541\Debug\cy_em_eeprom.o"
Deleting file ".\CortexM0\ARM_GCC_541\Debug\DIO_0_0.o"
Deleting file ".\CortexM0\ARM_GCC_541\Debug\DIO_0_0_PM.o"
Deleting file ".\CortexM0\ARM_GCC_541\Debug\DIO_0_3.o"
Deleting file ".\CortexM0\ARM_GCC_541\Debug\DIO_0_3_PM.o"
Deleting file ".\CortexM0\ARM_GCC_541\Debug\RTC_P4_WDT_Example_V1.00.04-Fork1.hex"
Deleting file ".\CortexM0\ARM_GCC_541\Debug\RTC_P4_WDT_Example_V1.00.04-Fork1.elf"
Deleting file ".\CortexM0\ARM_GCC_541\Debug\RTC_P4_WDT_Example_V1.00.04-Fork1.map"
Deleting file ".\RTC_P4_WDT_Example_V1.00.04-Fork1.cycdx"
Deleting file ".\RTC_P4_WDT_Example_V1.00.04-Fork1.rpt"
Deleting file ".\RTC_P4_WDT_Example_V1.00.04-Fork1_timing.html"
Deleting file ".\CortexM0\ARM_GCC_541\Debug\.deps\SOURCE_C__ARM_GCC_GENERIC.P"
Deleting file ".\CortexM0\ARM_GCC_541\Debug\.deps\SOURCE_ASM__ARM_GCC_GENERIC.P"
cydsfit.exe -.appdatapath "C:\Users\ben\AppData\Local\Cypress Semiconductor\PSoC Creator\4.3" -.fdsnotice -.fdswarpdepfile=warp_dependencies.txt -.fdselabdepfile=elab_dependencies.txt -.fdsbldfile=generated_files.txt -.fdsreffile=referenced_files.txt -p V:\Dynaris-V\Psoc-Sleep_Docks\2020-10-14_Testing\RTC_P4_WDT_Example_V1.00.04-Fork1\RTC_P4_WDT_Example_V1.00.04-Fork1.cydsn\RTC_P4_WDT_Example_V1.00.04-Fork1.cyprj -d CY8C4247AZI-M485 -s V:\Dynaris-V\Psoc-Sleep_Docks\2020-10-14_Testing\RTC_P4_WDT_Example_V1.00.04-Fork1\RTC_P4_WDT_Example_V1.00.04-Fork1.cydsn\Generated_Source\PSoC4 -- -yv2 "" -ygs -o2 -v3 -.fftcfgtype=LE
Elaborating Design...
HDL Generation...
Synthesis...
Tech Mapping...
Eliminating trivial wires...
Creating carry chains...    
Creating initial macrocells...
Creating global clocks...     
Eliminating trivial wires...
Mapping enabled registers into macrocells...
Connecting carry chains to registers...     
Creating global controls...            
Removing duplicate macrocells...
Categorizing IOs...             
Removing duplicate macrocells...
Splitting large carry chains... 
Cleaning up...                 
Writing report file...
Analog Placement...
Analog Routing...
Analog Code Generation...
Digital Placement...
Begin Placement ...
Computing initial partitioning.
Improving initial partitioning.
Cut size of initial partitioning is 0.
Cut size at end of pass 0 is 0.       
Final cut size is 0.           
Performing simulated annealing improvement.
Placement Complete.                        
Digital Routing...
Bitstream Generation...
Bitstream Verification...
Verifying bitstream.
Bitstream verification passed.
Static timing analysis...
API Generation...
Dependency Generation...
Cleanup...
PowerShell.exe -ExecutionPolicy Bypass -Command "& \".\SCRIPT\PreBuildScript.ps1\""
arm-none-eabi-gcc.exe -mcpu=cortex-m0 -mthumb -I. -IGenerated_Source\PSoC4 -Wa,-alh=.\CortexM0\ARM_GCC_541\Debug/main.lst -g -D DEBUG -Wall -ffunction-sections -ffat-lto-objects -Og -c main.c -o .\CortexM0\ARM_GCC_541\Debug\main.o
In file included from MyWDT.h:18:0,
                 from main.c:24:
MyTime.h:87:17: warning: 'timeBuffer' defined but not used [-Wunused-variable]
     static char timeBuffer[16u];
                 ^
MyTime.h:88:17: warning: 'dateBuffer' defined but not used [-Wunused-variable]
     static char dateBuffer[16u];
                 ^
MyTime.h:89:17: warning: 'timeDateBuffer' defined but not used [-Wunused-variable]
     static char timeDateBuffer[40u];
                 ^
arm-none-eabi-gcc.exe -mcpu=cortex-m0 -mthumb -I. -IGenerated_Source\PSoC4 -Wa,-alh=.\CortexM0\ARM_GCC_541\Debug/MyTime.lst -g -D DEBUG -Wall -ffunction-sections -ffat-lto-objects -Og -c MyTime.c -o .\CortexM0\ARM_GCC_541\Debug\MyTime.o
arm-none-eabi-gcc.exe -mcpu=cortex-m0 -mthumb -I. -IGenerated_Source\PSoC4 -Wa,-alh=.\CortexM0\ARM_GCC_541\Debug/MyWDT.lst -g -D DEBUG -Wall -ffunction-sections -ffat-lto-objects -Og -c MyWDT.c -o .\CortexM0\ARM_GCC_541\Debug\MyWDT.o
MyWDT.c: In function 'getALL_WDT_Values':
MyWDT.c:226:11: warning: unused variable 'WdtGetMatchValue2' [-Wunused-variable]
     int32 WdtGetMatchValue2;
           ^
MyWDT.c:222:11: warning: unused variable 'WdtGetClearOnMatchValue2' [-Wunused-variable]
     int32 WdtGetClearOnMatchValue2;
           ^
In file included from MyWDT.h:18:0,
                 from MyWDT.c:12:
MyWDT.c: At top level:
MyTime.h:87:17: warning: 'timeBuffer' defined but not used [-Wunused-variable]
     static char timeBuffer[16u];
                 ^
MyTime.h:88:17: warning: 'dateBuffer' defined but not used [-Wunused-variable]
     static char dateBuffer[16u];
                 ^
MyTime.h:89:17: warning: 'timeDateBuffer' defined but not used [-Wunused-variable]
     static char timeDateBuffer[40u];
                 ^
arm-none-eabi-gcc.exe -mcpu=cortex-m0 -mthumb -I. -IGenerated_Source\PSoC4 -Wa,-alh=.\CortexM0\ARM_GCC_541\Debug/MyBuild.lst -g -D DEBUG -Wall -ffunction-sections -ffat-lto-objects -Og -c MyBuild.c -o .\CortexM0\ARM_GCC_541\Debug\MyBuild.o
arm-none-eabi-gcc.exe -mcpu=cortex-m0 -mthumb -I. -IGenerated_Source\PSoC4 -Wa,-alh=.\CortexM0\ARM_GCC_541\Debug/cyfitter_cfg.lst -g -D DEBUG -Wall -ffunction-sections -ffat-lto-objects -Og -c Generated_Source\PSoC4\cyfitter_cfg.c -o .\CortexM0\ARM_GCC_541\Debug\cyfitter_cfg.o
arm-none-eabi-gcc.exe -mcpu=cortex-m0 -mthumb -I. -IGenerated_Source\PSoC4 -Wa,-alh=.\CortexM0\ARM_GCC_541\Debug/cymetadata.lst -g -D DEBUG -Wall -ffunction-sections -ffat-lto-objects -Og -c Generated_Source\PSoC4\cymetadata.c -o .\CortexM0\ARM_GCC_541\Debug\cymetadata.o
arm-none-eabi-gcc.exe -mcpu=cortex-m0 -mthumb -I. -IGenerated_Source\PSoC4 -Wa,-alh=.\CortexM0\ARM_GCC_541\Debug/LED_Alarm.lst -g -D DEBUG -Wall -ffunction-sections -ffat-lto-objects -Og -c Generated_Source\PSoC4\LED_Alarm.c -o .\CortexM0\ARM_GCC_541\Debug\LED_Alarm.o
arm-none-eabi-gcc.exe -mcpu=cortex-m0 -mthumb -I. -IGenerated_Source\PSoC4 -Wa,-alh=.\CortexM0\ARM_GCC_541\Debug/LED_Alarm_PM.lst -g -D DEBUG -Wall -ffunction-sections -ffat-lto-objects -Og -c Generated_Source\PSoC4\LED_Alarm_PM.c -o .\CortexM0\ARM_GCC_541\Debug\LED_Alarm_PM.o
arm-none-eabi-gcc.exe -mcpu=cortex-m0 -mthumb -I. -IGenerated_Source\PSoC4 -Wa,-alh=.\CortexM0\ARM_GCC_541\Debug/LED_WdtIsr.lst -g -D DEBUG -Wall -ffunction-sections -ffat-lto-objects -Og -c Generated_Source\PSoC4\LED_WdtIsr.c -o .\CortexM0\ARM_GCC_541\Debug\LED_WdtIsr.o
arm-none-eabi-gcc.exe -mcpu=cortex-m0 -mthumb -I. -IGenerated_Source\PSoC4 -Wa,-alh=.\CortexM0\ARM_GCC_541\Debug/LED_WdtIsr_PM.lst -g -D DEBUG -Wall -ffunction-sections -ffat-lto-objects -Og -c Generated_Source\PSoC4\LED_WdtIsr_PM.c -o .\CortexM0\ARM_GCC_541\Debug\LED_WdtIsr_PM.o
arm-none-eabi-gcc.exe -mcpu=cortex-m0 -mthumb -I. -IGenerated_Source\PSoC4 -Wa,-alh=.\CortexM0\ARM_GCC_541\Debug/RTC.lst -g -D DEBUG -Wall -ffunction-sections -ffat-lto-objects -Og -c Generated_Source\PSoC4\RTC.c -o .\CortexM0\ARM_GCC_541\Debug\RTC.o
arm-none-eabi-gcc.exe -mcpu=cortex-m0 -mthumb -I. -IGenerated_Source\PSoC4 -Wa,-alh=.\CortexM0\ARM_GCC_541\Debug/UART.lst -g -D DEBUG -Wall -ffunction-sections -ffat-lto-objects -Og -c Generated_Source\PSoC4\UART.c -o .\CortexM0\ARM_GCC_541\Debug\UART.o
arm-none-eabi-gcc.exe -mcpu=cortex-m0 -mthumb -I. -IGenerated_Source\PSoC4 -Wa,-alh=.\CortexM0\ARM_GCC_541\Debug/Cm0Start.lst -g -D DEBUG -Wall -ffunction-sections -ffat-lto-objects -Og -c Generated_Source\PSoC4\Cm0Start.c -o .\CortexM0\ARM_GCC_541\Debug\Cm0Start.o
arm-none-eabi-gcc.exe -mcpu=cortex-m0 -mthumb -I. -IGenerated_Source\PSoC4 -Wa,-alh=.\CortexM0\ARM_GCC_541\Debug/CyFlash.lst -g -D DEBUG -Wall -ffunction-sections -ffat-lto-objects -Og -c Generated_Source\PSoC4\CyFlash.c -o .\CortexM0\ARM_GCC_541\Debug\CyFlash.o
arm-none-eabi-gcc.exe -mcpu=cortex-m0 -mthumb -I. -IGenerated_Source\PSoC4 -Wa,-alh=.\CortexM0\ARM_GCC_541\Debug/CyLib.lst -g -D DEBUG -Wall -ffunction-sections -ffat-lto-objects -Og -c Generated_Source\PSoC4\CyLib.c -o .\CortexM0\ARM_GCC_541\Debug\CyLib.o
arm-none-eabi-gcc.exe -mcpu=cortex-m0 -mthumb -I. -IGenerated_Source\PSoC4 -Wa,-alh=.\CortexM0\ARM_GCC_541\Debug/cyPm.lst -g -D DEBUG -Wall -ffunction-sections -ffat-lto-objects -Og -c Generated_Source\PSoC4\cyPm.c -o .\CortexM0\ARM_GCC_541\Debug\cyPm.o
arm-none-eabi-gcc.exe -mcpu=cortex-m0 -mthumb -I. -IGenerated_Source\PSoC4 -Wa,-alh=.\CortexM0\ARM_GCC_541\Debug/cyutils.lst -g -D DEBUG -Wall -ffunction-sections -ffat-lto-objects -Og -c Generated_Source\PSoC4\cyutils.c -o .\CortexM0\ARM_GCC_541\Debug\cyutils.o
arm-none-eabi-gcc.exe -mcpu=cortex-m0 -mthumb -I. -IGenerated_Source\PSoC4 -Wa,-alh=.\CortexM0\ARM_GCC_541\Debug/CyDMA.lst -g -D DEBUG -Wall -ffunction-sections -ffat-lto-objects -Og -c Generated_Source\PSoC4\CyDMA.c -o .\CortexM0\ARM_GCC_541\Debug\CyDMA.o
arm-none-eabi-gcc.exe -mcpu=cortex-m0 -mthumb -I. -IGenerated_Source\PSoC4 -Wa,-alh=.\CortexM0\ARM_GCC_541\Debug/CyLFClk.lst -g -D DEBUG -Wall -ffunction-sections -ffat-lto-objects -Og -c Generated_Source\PSoC4\CyLFClk.c -o .\CortexM0\ARM_GCC_541\Debug\CyLFClk.o
arm-none-eabi-gcc.exe -mcpu=cortex-m0 -mthumb -I. -IGenerated_Source\PSoC4 -Wa,-alh=.\CortexM0\ARM_GCC_541\Debug/cy_em_eeprom.lst -g -D DEBUG -Wall -ffunction-sections -ffat-lto-objects -Og -c Generated_Source\PSoC4\cy_em_eeprom.c -o .\CortexM0\ARM_GCC_541\Debug\cy_em_eeprom.o
arm-none-eabi-gcc.exe -mcpu=cortex-m0 -mthumb -I. -IGenerated_Source\PSoC4 -Wa,-alh=.\CortexM0\ARM_GCC_541\Debug/DIO_0_0.lst -g -D DEBUG -Wall -ffunction-sections -ffat-lto-objects -Og -c Generated_Source\PSoC4\DIO_0_0.c -o .\CortexM0\ARM_GCC_541\Debug\DIO_0_0.o
arm-none-eabi-gcc.exe -mcpu=cortex-m0 -mthumb -I. -IGenerated_Source\PSoC4 -Wa,-alh=.\CortexM0\ARM_GCC_541\Debug/DIO_0_0_PM.lst -g -D DEBUG -Wall -ffunction-sections -ffat-lto-objects -Og -c Generated_Source\PSoC4\DIO_0_0_PM.c -o .\CortexM0\ARM_GCC_541\Debug\DIO_0_0_PM.o
arm-none-eabi-gcc.exe -mcpu=cortex-m0 -mthumb -I. -IGenerated_Source\PSoC4 -Wa,-alh=.\CortexM0\ARM_GCC_541\Debug/DIO_0_3.lst -g -D DEBUG -Wall -ffunction-sections -ffat-lto-objects -Og -c Generated_Source\PSoC4\DIO_0_3.c -o .\CortexM0\ARM_GCC_541\Debug\DIO_0_3.o
arm-none-eabi-gcc.exe -mcpu=cortex-m0 -mthumb -I. -IGenerated_Source\PSoC4 -Wa,-alh=.\CortexM0\ARM_GCC_541\Debug/DIO_0_3_PM.lst -g -D DEBUG -Wall -ffunction-sections -ffat-lto-objects -Og -c Generated_Source\PSoC4\DIO_0_3_PM.c -o .\CortexM0\ARM_GCC_541\Debug\DIO_0_3_PM.o
arm-none-eabi-as.exe -mcpu=cortex-m0 -mthumb -I. -IGenerated_Source\PSoC4 -alh=.\CortexM0\ARM_GCC_541\Debug/UART_AsmGnu.lst -g -W -o .\CortexM0\ARM_GCC_541\Debug\UART_AsmGnu.o Generated_Source\PSoC4\UART_AsmGnu.s
arm-none-eabi-as.exe -mcpu=cortex-m0 -mthumb -I. -IGenerated_Source\PSoC4 -alh=.\CortexM0\ARM_GCC_541\Debug/CyBootAsmGnu.lst -g -W -o .\CortexM0\ARM_GCC_541\Debug\CyBootAsmGnu.o Generated_Source\PSoC4\CyBootAsmGnu.s
arm-none-eabi-ar.exe -rs .\CortexM0\ARM_GCC_541\Debug\RTC_P4_WDT_Example_V1.00.04-Fork1.a .\CortexM0\ARM_GCC_541\Debug\LED_Alarm.o .\CortexM0\ARM_GCC_541\Debug\LED_Alarm_PM.o .\CortexM0\ARM_GCC_541\Debug\LED_WdtIsr.o .\CortexM0\ARM_GCC_541\Debug\LED_WdtIsr_PM.o .\CortexM0\ARM_GCC_541\Debug\RTC.o .\CortexM0\ARM_GCC_541\Debug\UART.o .\CortexM0\ARM_GCC_541\Debug\CyFlash.o .\CortexM0\ARM_GCC_541\Debug\CyLib.o .\CortexM0\ARM_GCC_541\Debug\cyPm.o .\CortexM0\ARM_GCC_541\Debug\cyutils.o .\CortexM0\ARM_GCC_541\Debug\CyDMA.o .\CortexM0\ARM_GCC_541\Debug\CyLFClk.o .\CortexM0\ARM_GCC_541\Debug\cy_em_eeprom.o .\CortexM0\ARM_GCC_541\Debug\DIO_0_0.o .\CortexM0\ARM_GCC_541\Debug\DIO_0_0_PM.o .\CortexM0\ARM_GCC_541\Debug\DIO_0_3.o .\CortexM0\ARM_GCC_541\Debug\DIO_0_3_PM.o .\CortexM0\ARM_GCC_541\Debug\UART_AsmGnu.o .\CortexM0\ARM_GCC_541\Debug\CyBootAsmGnu.o
arm-none-eabi-ar.exe: creating .\CortexM0\ARM_GCC_541\Debug\RTC_P4_WDT_Example_V1.00.04-Fork1.a
arm-none-eabi-gcc.exe -Wl,--start-group -o V:\Dynaris-V\Psoc-Sleep_Docks\2020-10-14_Testing\RTC_P4_WDT_Example_V1.00.04-Fork1\RTC_P4_WDT_Example_V1.00.04-Fork1.cydsn\CortexM0\ARM_GCC_541\Debug\RTC_P4_WDT_Example_V1.00.04-Fork1.elf .\CortexM0\ARM_GCC_541\Debug\main.o .\CortexM0\ARM_GCC_541\Debug\MyTime.o .\CortexM0\ARM_GCC_541\Debug\MyWDT.o .\CortexM0\ARM_GCC_541\Debug\MyBuild.o .\CortexM0\ARM_GCC_541\Debug\cyfitter_cfg.o .\CortexM0\ARM_GCC_541\Debug\cymetadata.o .\CortexM0\ARM_GCC_541\Debug\Cm0Start.o .\CortexM0\ARM_GCC_541\Debug\RTC_P4_WDT_Example_V1.00.04-Fork1.a -mcpu=cortex-m0 -mthumb -L Generated_Source\PSoC4 -Wl,-Map,.\CortexM0\ARM_GCC_541\Debug/RTC_P4_WDT_Example_V1.00.04-Fork1.map -T Generated_Source\PSoC4\cm0gcc.ld -specs=nano.specs -Wl,--gc-sections -g -ffunction-sections -Og -ffat-lto-objects -Wl,--end-group
cyelftool.exe -C V:\Dynaris-V\Psoc-Sleep_Docks\2020-10-14_Testing\RTC_P4_WDT_Example_V1.00.04-Fork1\RTC_P4_WDT_Example_V1.00.04-Fork1.cydsn\CortexM0\ARM_GCC_541\Debug\RTC_P4_WDT_Example_V1.00.04-Fork1.elf --flash_row_size 128 --flash_size 131072 --flash_offset 0x00000000
No ELF section .cychecksum found, creating one
Application checksum calculated and stored in ELF section .cychecksum
Checksum calculated and stored in ELF section .cymeta
cyelftool.exe -S V:\Dynaris-V\Psoc-Sleep_Docks\2020-10-14_Testing\RTC_P4_WDT_Example_V1.00.04-Fork1\RTC_P4_WDT_Example_V1.00.04-Fork1.cydsn\CortexM0\ARM_GCC_541\Debug\RTC_P4_WDT_Example_V1.00.04-Fork1.elf
Flash used: 13302 of 131072 bytes (10.1%).
SRAM used: 1920 of 16384 bytes (11.7%). Stack: 1024 bytes. Heap: 128 bytes.
--------------- Rebuild Succeeded: 10/27/2020 11:19:45 ---------------
